
Windows PowerShell

Try the new cross-platform PowerShell https://aka.ms/pscore6

PS C:\Users\aziub\Downloads\LatticeBoltzmannDemo> & "C:/Program Files/Python310/python.exe" c:/Users/aziub/Downloads/LatticeBoltzmannDemo/LatticeBoltzmannDemo.py
(18.027763 frames per second)
         666517 function calls (634389 primitive calls) in 5.552 seconds

   Ordered by: standard name

   ncalls  tottime  percall  cumtime  percall filename:lineno(function)
       35    0.000    0.000    0.001    0.000 <__array_function__ internals>:2(all)
      940    0.001    0.000    0.007    0.000 <__array_function__ internals>:2(amax)
      938    0.001    0.000    0.011    0.000 <__array_function__ internals>:2(amin)
      103    0.000    0.000    0.002    0.000 <__array_function__ internals>:2(any)
       40    0.000    0.000    0.001    0.000 <__array_function__ internals>:2(around)
       48    0.000    0.000    0.001    0.000 <__array_function__ internals>:2(broadcast_arrays)
      102    0.000    0.000    0.001    0.000 <__array_function__ internals>:2(can_cast)
      121    0.000    0.000    0.202    0.002 <__array_function__ internals>:2(clip)
       48    0.000    0.000    0.001    0.000 <__array_function__ internals>:2(column_stack)
       51    0.000    0.000    0.000    0.000 <__array_function__ internals>:2(concatenate)
      103    0.000    0.000    0.002    0.000 <__array_function__ internals>:2(copyto)
        3    0.000    0.000    0.000    0.000 <__array_function__ internals>:2(diff)
     2614    0.003    0.000    0.011    0.000 <__array_function__ internals>:2(dot)
    24990    0.021    0.000    0.051    0.000 <__array_function__ internals>:2(empty_like)
        1    0.000    0.000    0.000    0.000 <__array_function__ internals>:2(inv)
        3    0.000    0.000    0.000    0.000 <__array_function__ internals>:2(linspace)
      306    0.001    0.000    0.002    0.000 <__array_function__ internals>:2(min_scalar_type)
      245    0.000    0.000    0.002    0.000 <__array_function__ internals>:2(ndim)
       16    0.000    0.000    0.000    0.000 <__array_function__ internals>:2(nonzero)
      102    0.000    0.000    0.005    0.000 <__array_function__ internals>:2(ones_like)
       16    0.000    0.000    0.000    0.000 <__array_function__ internals>:2(ptp)
       47    0.000    0.000    0.001    0.000 <__array_function__ internals>:2(reshape)
        3    0.000    0.000    0.000    0.000 <__array_function__ internals>:2(result_type)
    24888    0.027    0.000    0.743    0.000 <__array_function__ internals>:2(roll)
       40    0.000    0.000    0.001    0.000 <__array_function__ internals>:2(round_)
        3    0.000    0.000    0.000    0.000 <__array_function__ internals>:2(searchsorted)
        1    0.000    0.000    0.000    0.000 <frozen importlib._bootstrap>:1053(_handle_fromlist)
        4    0.000    0.000    0.000    0.000 <frozen importlib._bootstrap>:404(parent)
       96    0.000    0.000    0.000    0.000 <string>:1(<lambda>)
     2040    2.184    0.001    2.184    0.001 LatticeBoltzmannDemo.py:109(collide)
      102    0.004    0.000    0.017    0.000 LatticeBoltzmannDemo.py:137(curl)
      103    0.008    0.000    3.129    0.030 LatticeBoltzmannDemo.py:152(nextFrame)
     2040    0.176    0.000    0.906    0.000 LatticeBoltzmannDemo.py:84(stream)
      704    0.001    0.000    0.001    0.000 __init__.py:100(check_in_list)
        5    0.000    0.000    0.000    0.000 __init__.py:101(_cnfmerge)
        1    0.000    0.000    0.000    0.000 __init__.py:1098(get_backend)
      319    0.000    0.000    0.001    0.000 __init__.py:1116(is_interactive)
        2    0.000    0.000    0.000    0.000 __init__.py:112(_weak_or_strong_ref)
       96    0.000    0.000    0.000    0.000 __init__.py:1312(is_math_text)
      209    0.000    0.000    0.001    0.000 __init__.py:1325(_to_unmasked_float_array)
       53    0.000    0.000    0.001    0.000 __init__.py:133(check_shape)
      705    0.000    0.000    0.001    0.000 __init__.py:1446(debug)
        1    0.000    0.000    5.532    5.532 __init__.py:1456(mainloop)
        3    0.000    0.000    0.000    0.000 __init__.py:1497(_options)
        1    0.000    0.000    0.000    0.000 __init__.py:1523(nametowidget)
      159    0.000    0.000    0.000    0.000 __init__.py:153(<genexpr>)
      104    0.001    0.000    0.002    0.000 __init__.py:1542(_register)
        1    0.000    0.000    0.000    0.000 __init__.py:1566(_root)
        1    0.000    0.000    0.000    0.000 __init__.py:1576(_substitute)
       11    0.000    0.000    0.000    0.000 __init__.py:1582(getint_event)
       48    0.000    0.000    0.000    0.000 __init__.py:1654(<lambda>)
        2    0.000    0.000    0.000    0.000 __init__.py:1655(_configure)
        2    0.000    0.000    0.000    0.000 __init__.py:1668(configure)
       96    0.000    0.000    0.000    0.000 __init__.py:170(__init__)
      705    0.000    0.000    0.000    0.000 __init__.py:1715(isEnabledFor)
       80    0.001    0.000    0.002    0.000 __init__.py:1726(normalize_kwargs)
       80    0.000    0.000    0.000    0.000 __init__.py:1791(<dictcomp>)
       80    0.000    0.000    0.000    0.000 __init__.py:1805(<listcomp>)
       80    0.000    0.000    0.000    0.000 __init__.py:1810(<listcomp>)
      927    0.001    0.000    0.001    0.000 __init__.py:1879(_str_equal)
       64    0.000    0.000    0.000    0.000 __init__.py:1890(_str_lower_equal)
      104    0.000    0.000    0.000    0.000 __init__.py:1910(__init__)
      104    0.000    0.000    5.384    0.052 __init__.py:1916(__call__)
        2    0.000    0.000    0.007    0.004 __init__.py:1986(wm_attributes)
        2    0.000    0.000    0.000    0.000 __init__.py:200(connect)
        1    0.000    0.000    0.012    0.012 __init__.py:2039(wm_deiconify)
      688    0.002    0.000    0.003    0.000 __init__.py:2094(_setattr_cm)
        1    0.000    0.000    0.000    0.000 __init__.py:2218(wm_protocol)
        3    0.000    0.000    0.000    0.000 __init__.py:233(disconnect)
  549/547    0.001    0.000    0.110    0.000 __init__.py:259(process)
        1    0.000    0.000    0.001    0.001 __init__.py:2797(_create)
        1    0.000    0.000    0.001    0.001 __init__.py:2817(create_image)
        1    0.000    0.000    0.000    0.000 __init__.py:2850(delete)
        1    0.000    0.000    0.002    0.002 __init__.py:4023(__init__)
      104    0.000    0.000    0.000    0.000 __init__.py:4041(__str__)
        1    0.000    0.000    0.000    0.000 __init__.py:4043(__del__)
        1    0.000    0.000    0.002    0.002 __init__.py:4088(__init__)
        2    0.000    0.000    0.000    0.000 __init__.py:4095(blank)
       16    0.000    0.000    0.000    0.000 __init__.py:590(__setitem__)
     4903    0.004    0.000    0.006    0.000 __init__.py:604(__getitem__)
      516    0.002    0.000    0.003    0.000 __init__.py:64(check_isinstance)
      103    0.000    0.000    0.001    0.000 __init__.py:668(deletecommand)
      102    0.001    0.000    0.010    0.000 __init__.py:735(safe_masked_invalid)
      840    0.000    0.000    0.000    0.000 __init__.py:79(<genexpr>)
      103    0.000    0.000    0.003    0.000 __init__.py:825(after)
      103    0.000    0.000    5.324    0.052 __init__.py:837(callit)
        1    0.000    0.000    0.000    0.000 __init__.py:853(after_idle)
        4    0.000    0.000    0.000    0.000 __init__.py:855(__contains__)
      978    0.001    0.000    0.002    0.000 __init__.py:858(clean)
      978    0.000    0.000    0.000    0.000 __init__.py:861(<listcomp>)
        1    0.000    0.000    0.000    0.000 __init__.py:861(after_cancel)
      978    0.003    0.000    0.005    0.000 __init__.py:907(get_siblings)
      978    0.000    0.000    0.000    0.000 __init__.py:911(<listcomp>)
        2    0.000    0.000    0.000    0.000 _backend_tk.py:129(_timer_start)
        3    0.000    0.000    0.000    0.000 _backend_tk.py:133(_timer_stop)
      101    0.001    0.000    5.041    0.050 _backend_tk.py:138(_on_timer)
        1    0.000    0.000    0.060    0.060 _backend_tk.py:213(resize)
        2    0.000    0.000    0.000    0.000 _backend_tk.py:231(draw_idle)
        2    0.000    0.000    0.282    0.141 _backend_tk.py:238(idle_draw)
        2    0.000    0.000    0.000    0.000 _backend_tk.py:246(get_tk_widget)
        2    0.000    0.000    0.000    0.000 _backend_tk.py:38(_restore_foreground_window_at_end)
        1    0.000    0.000    0.020    0.020 _backend_tk.py:450(show)
      102    0.001    0.000    0.202    0.002 _backend_tk.py:53(_blit)
        2    0.000    0.000    0.000    0.000 _backend_tk.py:582(set_cursor)
      102    0.003    0.000    0.214    0.002 _backend_tk.py:70(blit)
        1    0.000    0.000    5.532    5.532 _backend_tk.py:906(mainloop)
        4    0.000    0.000    0.000    0.000 _base.py:1045(_set_position)
        4    0.000    0.000    0.000    0.000 _base.py:1083(get_axes_locator)
        4    0.000    0.000    0.000    0.000 _base.py:1416(get_aspect)
        4    0.000    0.000    0.000    0.000 _base.py:1602(get_anchor)
        4    0.000    0.000    0.000    0.000 _base.py:1670(get_data_ratio)
        4    0.000    0.000    0.002    0.000 _base.py:1684(apply_aspect)
       12    0.000    0.000    0.000    0.000 _base.py:2760(_get_axis_list)
        8    0.000    0.000    0.000    0.000 _base.py:2763(_get_axis_map)
        2    0.000    0.000    0.002    0.001 _base.py:2781(_update_title_position)
        8    0.000    0.000    0.000    0.000 _base.py:2832(<genexpr>)
        2    0.000    0.000    0.205    0.103 _base.py:2839(draw)
        2    0.000    0.000    0.000    0.000 _base.py:2893(<listcomp>)
      200    0.001    0.000    1.784    0.009 _base.py:2926(draw_artist)
        4    0.000    0.000    0.000    0.000 _base.py:3354(get_xbound)
      204    0.002    0.000    0.007    0.000 _base.py:3402(get_xlim)
        4    0.000    0.000    0.000    0.000 _base.py:3698(get_ybound)
      204    0.001    0.000    0.003    0.000 _base.py:3746(get_ylim)
      200    0.001    0.000    0.011    0.000 _base.py:4062(_get_view)
        4    0.000    0.000    0.000    0.000 _base.py:4313(get_children)
        6    0.000    0.000    0.000    0.000 _base.py:725(get_window_extent)
      482    0.002    0.000    0.008    0.000 _base.py:766(_unstale_viewLim)
      964    0.000    0.000    0.000    0.000 _base.py:769(<genexpr>)
      964    0.000    0.000    0.000    0.000 _base.py:771(<genexpr>)
      480    0.001    0.000    0.009    0.000 _base.py:780(viewLim)
    72/40    0.000    0.000    0.000    0.000 _base.py:831(get_xaxis_transform)
        8    0.000    0.000    0.000    0.000 _base.py:855(get_xaxis_text1_transform)
        8    0.000    0.000    0.000    0.000 _base.py:881(get_xaxis_text2_transform)
    72/40    0.000    0.000    0.001    0.000 _base.py:907(get_yaxis_transform)
        8    0.000    0.000    0.000    0.000 _base.py:931(get_yaxis_text1_transform)
        8    0.000    0.000    0.000    0.000 _base.py:957(get_yaxis_text2_transform)
        4    0.000    0.000    0.000    0.000 _base.py:993(get_position)
        6    0.000    0.000    0.000    0.000 _collections_abc.py:315(__subclasshook__)
        2    0.000    0.000    0.000    0.000 _collections_abc.py:381(__subclasshook__)
       24    0.000    0.000    0.000    0.000 _collections_abc.py:409(__subclasshook__)
        2    0.000    0.000    0.000    0.000 _collections_abc.py:78(_check_methods)
        4    0.000    0.000    0.000    0.000 _collections_abc.py:836(values)
        4    0.000    0.000    0.000    0.000 _collections_abc.py:854(__init__)
        4    0.000    0.000    0.000    0.000 _collections_abc.py:857(__len__)
       20    0.000    0.000    0.000    0.000 _collections_abc.py:920(__iter__)
      102    0.000    0.000    0.000    0.000 _internal.py:250(__init__)
      102    0.000    0.000    0.000    0.000 _internal.py:304(data)
      242    0.000    0.000    0.000    0.000 _methods.py:101(_clip_dep_is_byte_swapped)
      121    0.195    0.002    0.195    0.002 _methods.py:106(_clip_dep_invoke_with_casting)
      121    0.001    0.000    0.200    0.002 _methods.py:125(_clip)
       16    0.000    0.000    0.000    0.000 _methods.py:274(_ptp)
      194    0.000    0.000    0.002    0.000 _methods.py:38(_amax)
      154    0.000    0.000    0.002    0.000 _methods.py:42(_amin)
       16    0.000    0.000    0.000    0.000 _methods.py:46(_sum)
      211    0.000    0.000    0.004    0.000 _methods.py:54(_any)
        1    0.000    0.000    0.000    0.000 _methods.py:60(_all)
      242    0.002    0.000    0.004    0.000 _methods.py:91(_clip_dep_is_scalar_nan)
        2    0.000    0.000    0.000    0.000 _pylab_helpers.py:95(get_all_fig_managers)
      204    0.001    0.000    0.001    0.000 _ufunc_config.py:131(geterr)
      204    0.001    0.000    0.002    0.000 _ufunc_config.py:32(seterr)
      102    0.000    0.000    0.000    0.000 _ufunc_config.py:425(__init__)
      102    0.000    0.000    0.002    0.000 _ufunc_config.py:429(__enter__)
      102    0.000    0.000    0.001    0.000 _ufunc_config.py:434(__exit__)
     1690    0.001    0.000    0.002    0.000 abc.py:117(__instancecheck__)
    72/34    0.000    0.000    0.000    0.000 abc.py:121(__subclasscheck__)
      101    0.000    0.000    5.035    0.050 animation.py:1179(_step)
      101    0.001    0.000    5.034    0.050 animation.py:1204(_draw_next_frame)
        2    0.000    0.000    0.000    0.000 animation.py:1211(_init_draw)
      101    0.000    0.000    0.021    0.000 animation.py:1216(_pre_draw)
      101    0.000    0.000    1.989    0.020 animation.py:1227(_post_draw)
      100    0.002    0.000    1.988    0.020 animation.py:1237(_blit_draw)
      100    0.000    0.000    0.000    0.000 animation.py:1240(<setcomp>)
      101    0.001    0.000    0.020    0.000 animation.py:1259(_blit_clear)
      101    0.000    0.000    0.000    0.000 animation.py:1263(<setcomp>)
        1    0.000    0.000    0.056    0.056 animation.py:1283(_on_resize)
        1    0.000    0.000    0.000    0.000 animation.py:1295(_end_redraw)
      101    0.001    0.000    5.036    0.050 animation.py:1469(_step)
        2    0.000    0.000    0.000    0.000 animation.py:1711(new_frame_seq)
        2    0.000    0.000    0.108    0.054 animation.py:1746(_init_draw)
      103    0.002    0.000    3.132    0.030 animation.py:1765(_draw_frame)
      204    0.000    0.000    0.000    0.000 animation.py:1794(<lambda>)
        1    0.000    0.000    0.052    0.052 animation.py:979(_start)
      204    0.000    0.000    0.000    0.000 artist.py:1005(set_animated)
      160    0.002    0.000    0.011    0.000 artist.py:1038(update)
      206    0.000    0.000    0.000    0.000 artist.py:1090(get_zorder)
       32    0.000    0.000    0.000    0.000 artist.py:1094(set_zorder)
      320    0.000    0.000    0.000    0.000 artist.py:1109(sticky_edges)
       80    0.001    0.000    0.001    0.000 artist.py:1131(update_from)
       80    0.000    0.000    0.017    0.000 artist.py:1152(set)
      246    0.000    0.000    0.001    0.000 artist.py:193(convert_xunits)
      246    0.000    0.000    0.000    0.000 artist.py:205(convert_yunits)
     2030    0.001    0.000    0.001    0.000 artist.py:217(axes)
      112    0.000    0.000    0.000    0.000 artist.py:222(axes)
3737/3107    0.004    0.000    0.007    0.000 artist.py:241(stale)
  438/202    0.012    0.000    2.044    0.010 artist.py:33(draw_wrapper)
      546    0.000    0.000    0.002    0.000 artist.py:356(pchanged)
       80    0.000    0.000    0.000    0.000 artist.py:377(set_transform)
      558    0.001    0.000    0.001    0.000 artist.py:390(get_transform)
      236    0.000    0.000    0.000    0.000 artist.py:583(get_url)
      320    0.000    0.000    0.000    0.000 artist.py:597(get_gid)
       12    0.000    0.000    0.000    0.000 artist.py:611(get_snap)
       44    0.000    0.000    0.000    0.000 artist.py:650(get_sketch_params)
       76    0.000    0.000    0.000    0.000 artist.py:706(get_path_effects)
        4    0.000    0.000    0.000    0.000 artist.py:709(get_figure)
       96    0.000    0.000    0.000    0.000 artist.py:713(set_figure)
        2    0.000    0.000    0.261    0.131 artist.py:72(draw_wrapper)
      134    0.000    0.000    0.000    0.000 artist.py:811(get_alpha)
      676    0.000    0.000    0.000    0.000 artist.py:818(get_visible)
      313    0.000    0.000    0.003    0.000 artist.py:82(_stale_axes_callback)
     3761    0.001    0.000    0.001    0.000 artist.py:822(get_animated)
      204    0.000    0.000    0.000    0.000 artist.py:837(get_clip_on)
      204    0.000    0.000    0.000    0.000 artist.py:841(get_clip_box)
      280    0.001    0.000    0.004    0.000 artist.py:876(_set_gc_clip)
      876    0.000    0.000    0.000    0.000 artist.py:886(get_rasterized)
      876    0.000    0.000    0.000    0.000 artist.py:911(get_agg_filter)
       16    0.000    0.000    0.000    0.000 artist.py:952(set_alpha)
       96    0.001    0.000    0.002    0.000 artist.py:99(__init__)
       80    0.000    0.000    0.001    0.000 artist.py:993(set_visible)
        8    0.001    0.000    0.076    0.010 axis.py:1023(_update_ticks)
        8    0.000    0.000    0.047    0.006 axis.py:1066(_get_tick_bboxes)
        8    0.000    0.000    0.046    0.006 axis.py:1068(<listcomp>)
        8    0.000    0.000    0.000    0.000 axis.py:1070(<listcomp>)
        4    0.000    0.000    0.154    0.039 axis.py:1133(draw)
        8    0.000    0.000    0.006    0.001 axis.py:1258(get_majorticklocs)
        8    0.000    0.000    0.007    0.001 axis.py:1262(get_minorticklocs)
        8    0.000    0.000    0.000    0.000 axis.py:1275(<listcomp>)
       16    0.000    0.000    0.001    0.000 axis.py:1310(_get_tick_label_size)
       16    0.000    0.000    0.004    0.000 axis.py:1322(_copy_tick_props)
        8    0.000    0.000    0.051    0.006 axis.py:1352(get_major_ticks)
        8    0.000    0.000    0.000    0.000 axis.py:1365(get_minor_ticks)
       16    0.000    0.000    0.000    0.000 axis.py:149(<dictcomp>)
       12    0.000    0.000    0.000    0.000 axis.py:1494(convert_units)
        4    0.000    0.000    0.018    0.004 axis.py:1852(_get_tick_boxes_siblings)
        4    0.000    0.000    0.000    0.000 axis.py:1860(<listcomp>)
        6    0.000    0.000    0.000    0.000 axis.py:1924(_get_ticks_position)
       18    0.000    0.000    0.000    0.000 axis.py:1940(<genexpr>)
        6    0.000    0.000    0.000    0.000 axis.py:1961(get_label_position)
       64    0.000    0.000    0.002    0.000 axis.py:1987(getter)
       16    0.000    0.000    0.000    0.000 axis.py:200(_set_labelrotation)
        8    0.000    0.000    0.022    0.003 axis.py:2054(_get_tick)
        2    0.000    0.000    0.010    0.005 axis.py:2075(_update_label_position)
        2    0.000    0.000    0.001    0.000 axis.py:2118(_update_offset_text_position)
       16    0.000    0.000    0.000    0.000 axis.py:212(apply_tickdir)
        6    0.000    0.000    0.000    0.000 axis.py:2228(get_ticks_position)
       16    0.000    0.000    0.000    0.000 axis.py:225(get_tick_padding)
        8    0.000    0.000    0.003    0.000 axis.py:2268(get_tick_space)
        8    0.000    0.000    0.025    0.003 axis.py:2327(_get_tick)
        2    0.000    0.000    0.011    0.005 axis.py:2349(_update_label_position)
        2    0.000    0.000    0.000    0.000 axis.py:2391(_update_offset_text_position)
        8    0.000    0.000    0.004    0.000 axis.py:2535(get_tick_space)
       80    0.000    0.000    0.000    0.000 axis.py:290(get_loc)
       32    0.000    0.000    0.026    0.001 axis.py:294(draw)
       80    0.000    0.000    0.001    0.000 axis.py:306(set_label1)
       80    0.000    0.000    0.001    0.000 axis.py:319(set_label2)
       80    0.000    0.000    0.000    0.000 axis.py:343(_set_artist_props)
        8    0.000    0.000    0.022    0.003 axis.py:419(__init__)
        8    0.000    0.000    0.000    0.000 axis.py:448(_get_text1_transform)
        8    0.000    0.000    0.000    0.000 axis.py:451(_get_text2_transform)
        8    0.000    0.000    0.000    0.000 axis.py:454(apply_tickdir)
       48    0.000    0.000    0.001    0.000 axis.py:464(update_position)
        8    0.000    0.000    0.025    0.003 axis.py:486(__init__)
        8    0.000    0.000    0.001    0.000 axis.py:515(_get_text1_transform)
        8    0.000    0.000    0.000    0.000 axis.py:518(_get_text2_transform)
        8    0.000    0.000    0.000    0.000 axis.py:521(apply_tickdir)
       48    0.000    0.000    0.002    0.000 axis.py:531(update_position)
       24    0.000    0.000    0.000    0.000 axis.py:562(locator)
       16    0.001    0.000    0.026    0.002 axis.py:57(__init__)
       36    0.000    0.000    0.000    0.000 axis.py:573(formatter)
        8    0.000    0.000    0.000    0.000 axis.py:704(get_remove_overlapping_locs)
       96    0.000    0.000    0.000    0.000 axis.py:735(get_transform)
        1    0.000    0.000    0.000    0.000 backend_agg.py:107(_update_methods)
       12    0.000    0.000    0.002    0.000 backend_agg.py:133(draw_path)
       32    0.000    0.000    0.007    0.000 backend_agg.py:190(draw_text)
       32    0.000    0.000    0.032    0.001 backend_agg.py:217(get_text_width_height_descent)
       32    0.000    0.000    0.000    0.000 backend_agg.py:265(get_canvas_width_height)
       64    0.000    0.000    0.027    0.000 backend_agg.py:269(_get_agg_font)
       64    0.000    0.000    0.000    0.000 backend_agg.py:282(points_to_pixels)
      102    0.000    0.000    0.000    0.000 backend_agg.py:286(buffer_rgba)
        1    0.000    0.000    0.000    0.000 backend_agg.py:295(clear)
        4    0.000    0.000    0.000    0.000 backend_agg.py:298(option_image_nocomposite)
      204    0.000    0.000    0.000    0.000 backend_agg.py:306(option_scale_image)
      100    0.000    0.000    0.011    0.000 backend_agg.py:310(restore_region)
        1    0.000    0.000    0.000    0.000 backend_agg.py:391(copy_from_bbox)
      100    0.000    0.000    0.013    0.000 backend_agg.py:395(restore_region)
        2    0.000    0.000    0.263    0.131 backend_agg.py:399(draw)
      103    0.001    0.000    0.003    0.000 backend_agg.py:411(get_renderer)
       64    0.000    0.000    0.000    0.000 backend_agg.py:50(get_hinting_flag)
        1    0.001    0.001    0.001    0.001 backend_agg.py:85(__init__)
      280    0.000    0.000    0.000    0.000 backend_bases.py:1011(get_hatch)
      280    0.000    0.000    0.000    0.000 backend_bases.py:1015(get_hatch_path)
      280    0.000    0.000    0.000    0.000 backend_bases.py:1022(get_hatch_color)
      280    0.000    0.000    0.000    0.000 backend_bases.py:1030(get_hatch_linewidth)
      280    0.000    0.000    0.000    0.000 backend_bases.py:1034(get_sketch_params)
        2    0.000    0.000    0.000    0.000 backend_bases.py:1122(start)
        1    0.000    0.000    0.000    0.000 backend_bases.py:1136(stop)
      100    0.000    0.000    0.000    0.000 backend_bases.py:1151(interval)
        1    0.000    0.000    0.000    0.000 backend_bases.py:1169(add_callback)
      100    0.000    0.000    0.000    0.000 backend_bases.py:1203(_timer_set_interval)
      101    0.000    0.000    5.036    0.050 backend_bases.py:1209(_on_timer)
        3    0.000    0.000    0.000    0.000 backend_bases.py:1244(__init__)
        2    0.000    0.000    0.000    0.000 backend_bases.py:1272(__init__)
        1    0.000    0.000    0.000    0.000 backend_bases.py:1291(__init__)
        1    0.000    0.000    0.000    0.000 backend_bases.py:168(__init__)
        8    0.000    0.000    0.000    0.000 backend_bases.py:1733(<lambda>)
      116    0.000    0.000    0.000    0.000 backend_bases.py:175(open_group)
        3    0.000    0.000    0.000    0.000 backend_bases.py:1771(is_saving)
        2    0.000    0.000    0.052    0.026 backend_bases.py:1788(draw_event)
        1    0.000    0.000    0.056    0.056 backend_bases.py:1794(resize_event)
      116    0.000    0.000    0.000    0.000 backend_bases.py:182(close_group)
        2    0.000    0.000    0.000    0.000 backend_bases.py:2030(draw)
        1    0.000    0.000    0.000    0.000 backend_bases.py:2057(get_width_height)
        2    0.000    0.000    0.000    0.000 backend_bases.py:2329(mpl_connect)
        3    0.000    0.000    0.000    0.000 backend_bases.py:2384(mpl_disconnect)
        4    0.000    0.000    0.000    0.000 backend_bases.py:3017(_wait_cursor_for_draw_cm)
        1    0.000    0.000    5.552    5.552 backend_bases.py:3561(show)
      204    0.000    0.000    0.000    0.000 backend_bases.py:467(get_image_magnification)
       32    0.000    0.000    0.000    0.000 backend_bases.py:655(flipy)
      280    0.001    0.000    0.011    0.000 backend_bases.py:674(new_gc)
      280    0.003    0.000    0.010    0.000 backend_bases.py:751(__init__)
      280    0.000    0.000    0.000    0.000 backend_bases.py:792(restore)
      280    0.000    0.000    0.000    0.000 backend_bases.py:819(get_clip_path)
      280    0.000    0.000    0.000    0.000 backend_bases.py:834(get_dashes)
      280    0.000    0.000    0.000    0.000 backend_bases.py:874(get_snap)
      248    0.000    0.000    0.001    0.000 backend_bases.py:885(set_alpha)
       44    0.000    0.000    0.000    0.000 backend_bases.py:902(set_antialiased)
       44    0.000    0.000    0.000    0.000 backend_bases.py:907(set_capstyle)
      204    0.000    0.000    0.000    0.000 backend_bases.py:918(set_clip_rectangle)
      280    0.001    0.000    0.003    0.000 backend_bases.py:922(set_clip_path)
       12    0.000    0.000    0.000    0.000 backend_bases.py:927(set_dashes)
      324    0.000    0.000    0.001    0.000 backend_bases.py:953(set_foreground)
       44    0.000    0.000    0.000    0.000 backend_bases.py:973(set_joinstyle)
       44    0.000    0.000    0.000    0.000 backend_bases.py:984(set_linewidth)
      280    0.000    0.000    0.000    0.000 backend_bases.py:988(set_url)
      204    0.000    0.000    0.000    0.000 backend_bases.py:992(set_gid)
       44    0.000    0.000    0.000    0.000 backend_bases.py:996(set_snap)
      102    0.001    0.000    0.215    0.002 backend_tkagg.py:12(blit)
        2    0.000    0.000    0.282    0.141 backend_tkagg.py:8(draw)
      204    0.002    0.000    0.529    0.003 cm.py:293(to_rgba)
      204    0.000    0.000    0.000    0.000 cm.py:374(get_array)
      306    0.002    0.000    0.066    0.000 colors.py:1128(process_value)
      102    0.018    0.000    0.090    0.001 colors.py:1163(__call__)
      204    0.000    0.000    0.000    0.000 colors.py:1226(autoscale_None)
      568    0.001    0.000    0.005    0.000 colors.py:132(_is_nth_color)
       80    0.000    0.000    0.001    0.000 colors.py:137(is_color_like)
       80    0.000    0.000    0.001    0.000 colors.py:150(_check_color_like)
      488    0.001    0.000    0.005    0.000 colors.py:178(to_rgba)
        3    0.000    0.000    0.001    0.000 colors.py:438(_create_lookup_table)
      102    0.073    0.001    0.522    0.005 colors.py:588(__call__)
        1    0.000    0.000    0.000    0.000 colors.py:736(_set_extremes)
        1    0.000    0.000    0.001    0.001 colors.py:896(_init)
      391    0.001    0.000    0.001    0.000 contextlib.py:102(__init__)
      391    0.001    0.000    0.004    0.000 contextlib.py:130(__enter__)
      391    0.001    0.000    0.002    0.000 contextlib.py:139(__exit__)
      391    0.001    0.000    0.002    0.000 contextlib.py:279(helper)
      714    0.001    0.000    0.001    0.000 core.py:1278(_replace_dtype_fields_recursive)
      714    0.001    0.000    0.002    0.000 core.py:1310(_replace_dtype_fields)
      714    0.001    0.000    0.002    0.000 core.py:1324(make_mask_descr)
     2346    0.001    0.000    0.001    0.000 core.py:1357(getmask)
      102    0.000    0.000    0.000    0.000 core.py:1419(getmaskarray)
      102    0.000    0.000    0.002    0.000 core.py:1540(_shrink_mask)
      204    0.000    0.000    0.000    0.000 core.py:1812(_check_mask_axis)
      204    0.000    0.000    0.002    0.000 core.py:200(_recursive_fill_value)
      204    0.000    0.000    0.001    0.000 core.py:215(_get_dtype_of)
      102    0.003    0.000    0.006    0.000 core.py:2334(masked_invalid)
      204    0.000    0.000    0.003    0.000 core.py:280(_extremum_fill_value)
      612    0.005    0.000    0.069    0.000 core.py:2817(__new__)
      204    0.000    0.000    0.001    0.000 core.py:282(_scalar_fill_value)
      102    0.000    0.000    0.002    0.000 core.py:294(minimum_fill_value)
     1836    0.010    0.000    0.015    0.000 core.py:2948(_update_from)
     1530    0.009    0.000    0.035    0.000 core.py:2974(__array_finalize__)
      102    0.001    0.000    0.013    0.000 core.py:3067(__array_wrap__)
      102    0.000    0.000    0.000    0.000 core.py:3085(<listcomp>)
      102    0.000    0.000    0.002    0.000 core.py:3123(view)
      612    0.003    0.000    0.011    0.000 core.py:3213(__getitem__)
      408    0.001    0.000    0.001    0.000 core.py:3230(_scalar_heuristic)
     4488    0.003    0.000    0.003    0.000 core.py:3405(dtype)
     2040    0.001    0.000    0.001    0.000 core.py:3421(shape)
      102    0.000    0.000    0.001    0.000 core.py:345(maximum_fill_value)
      204    0.000    0.000    0.001    0.000 core.py:3504(mask)
      102    0.000    0.000    0.002    0.000 core.py:3601(shrink_mask)
     1326    0.001    0.000    0.002    0.000 core.py:3637(_get_data)
      204    0.000    0.000    0.001    0.000 core.py:3731(filled)
      102    0.001    0.000    0.007    0.000 core.py:5660(min)
      102    0.000    0.000    0.005    0.000 core.py:5794(max)
      212    0.000    0.000    0.001    0.000 core.py:582(filled)
      408    0.001    0.000    0.062    0.000 core.py:6549(array)
      102    0.000    0.000    0.003    0.000 core.py:6566(is_masked)
      204    0.000    0.000    0.000    0.000 core.py:778(is_string_or_list_of_strings)
      102    0.000    0.000    0.004    0.000 core.py:7907(asarray)
        2    0.000    0.000    0.000    0.000 deprecation.py:327(wrapper)
    258/2    0.001    0.000    0.206    0.103 deprecation.py:404(wrapper)
      774    0.000    0.000    0.000    0.000 deprecation.py:419(<genexpr>)
       80    0.000    0.000    0.000    0.000 deprecation.py:476(deprecate_method_override)
      841    0.001    0.000    0.002    0.000 enum.py:358(__call__)
      841    0.001    0.000    0.001    0.000 enum.py:670(__new__)
        2    0.000    0.000    0.001    0.001 figure.py:220(_get_draw_artists)
        4    0.000    0.000    0.000    0.000 figure.py:232(<genexpr>)
        2    0.000    0.000    0.000    0.000 figure.py:233(<lambda>)
      349    0.000    0.000    0.000    0.000 figure.py:2362(_get_dpi)
      140    0.000    0.000    0.000    0.000 figure.py:2365(_set_dpi)
        2    0.000    0.000    0.000    0.000 figure.py:2385(get_tight_layout)
        2    0.000    0.000    0.000    0.000 figure.py:2407(get_constrained_layout)
        1    0.000    0.000    0.001    0.001 figure.py:2605(set_size_inches)
        2    0.000    0.000    0.261    0.130 figure.py:2766(draw)
        2    0.000    0.000    0.000    0.000 figure.py:299(get_children)
      317    0.000    0.000    0.002    0.000 figure.py:50(_stale_figure_callback)
        4    0.000    0.000    0.000    0.000 figure.py:69(as_list)
        4    0.000    0.000    0.000    0.000 figure.py:73(<listcomp>)
      224    0.000    0.000    0.000    0.000 font_manager.py:1009(_normalize_font_family)
       48    0.000    0.000    0.000    0.000 font_manager.py:1109(get_default_size)
      703    0.001    0.000    0.002    0.000 font_manager.py:1122(_expand_aliases)
      703    0.004    0.000    0.006    0.000 font_manager.py:1130(score_family)
      703    0.000    0.000    0.000    0.000 font_manager.py:1160(score_style)
      703    0.000    0.000    0.000    0.000 font_manager.py:1177(score_variant)
      703    0.004    0.000    0.005    0.000 font_manager.py:1188(score_stretch)
      703    0.002    0.000    0.004    0.000 font_manager.py:1206(score_weight)
      703    0.000    0.000    0.000    0.000 font_manager.py:1224(score_size)
       64    0.000    0.000    0.026    0.000 font_manager.py:1248(findfont)
      384    0.000    0.000    0.001    0.000 font_manager.py:1304(<genexpr>)
        1    0.006    0.006    0.023    0.023 font_manager.py:1311(_findfont_cached)
        1    0.001    0.001    0.001    0.001 font_manager.py:1403(_get_font)
       64    0.000    0.000    0.001    0.000 font_manager.py:1417(get_font)
        1    0.000    0.000    0.000    0.000 font_manager.py:171(_cached_realpath)
      112    0.001    0.000    0.005    0.000 font_manager.py:638(__init__)
       33    0.000    0.000    0.001    0.000 font_manager.py:674(_from_any)
      280    0.001    0.000    0.002    0.000 font_manager.py:697(__hash__)
       60    0.000    0.000    0.001    0.000 font_manager.py:708(__eq__)
      983    0.000    0.000    0.000    0.000 font_manager.py:714(get_family)
      983    0.000    0.000    0.000    0.000 font_manager.py:726(get_style)
      983    0.000    0.000    0.000    0.000 font_manager.py:733(get_variant)
      983    0.000    0.000    0.000    0.000 font_manager.py:739(get_weight)
      983    0.000    0.000    0.000    0.000 font_manager.py:748(get_stretch)
      703    0.000    0.000    0.000    0.000 font_manager.py:756(get_size)
      360    0.000    0.000    0.000    0.000 font_manager.py:762(get_size_in_points)
      281    0.000    0.000    0.000    0.000 font_manager.py:765(get_file)
      112    0.000    0.000    0.000    0.000 font_manager.py:781(set_family)
      112    0.000    0.000    0.001    0.000 font_manager.py:794(set_style)
      112    0.000    0.000    0.000    0.000 font_manager.py:804(set_variant)
      112    0.001    0.000    0.001    0.000 font_manager.py:813(set_weight)
      112    0.000    0.000    0.000    0.000 font_manager.py:831(set_stretch)
      144    0.000    0.000    0.001    0.000 font_manager.py:849(set_size)
      112    0.000    0.000    0.000    0.000 font_manager.py:874(set_file)
      280    0.000    0.000    0.000    0.000 font_manager.py:894(get_math_fontfamily)
      112    0.000    0.000    0.000    0.000 font_manager.py:902(set_math_fontfamily)
       64    0.000    0.000    0.003    0.000 font_manager.py:930(copy)
        3    0.000    0.000    0.000    0.000 fromnumeric.py:1279(_searchsorted_dispatcher)
        3    0.000    0.000    0.000    0.000 fromnumeric.py:1283(searchsorted)
       16    0.000    0.000    0.000    0.000 fromnumeric.py:1825(_nonzero_dispatcher)
       16    0.000    0.000    0.000    0.000 fromnumeric.py:1829(nonzero)
       47    0.000    0.000    0.000    0.000 fromnumeric.py:193(_reshape_dispatcher)
       47    0.000    0.000    0.001    0.000 fromnumeric.py:198(reshape)
      121    0.000    0.000    0.000    0.000 fromnumeric.py:2042(_clip_dispatcher)
      121    0.000    0.000    0.201    0.002 fromnumeric.py:2046(clip)
      103    0.000    0.000    0.000    0.000 fromnumeric.py:2263(_any_dispatcher)
      103    0.000    0.000    0.002    0.000 fromnumeric.py:2268(any)
       35    0.000    0.000    0.000    0.000 fromnumeric.py:2362(_all_dispatcher)
       35    0.000    0.000    0.001    0.000 fromnumeric.py:2367(all)
       16    0.000    0.000    0.000    0.000 fromnumeric.py:2535(_ptp_dispatcher)
       16    0.000    0.000    0.000    0.000 fromnumeric.py:2539(ptp)
      940    0.000    0.000    0.000    0.000 fromnumeric.py:2633(_amax_dispatcher)
      940    0.001    0.000    0.006    0.000 fromnumeric.py:2638(amax)
      938    0.000    0.000    0.000    0.000 fromnumeric.py:2758(_amin_dispatcher)
      938    0.002    0.000    0.009    0.000 fromnumeric.py:2763(amin)
      245    0.000    0.000    0.000    0.000 fromnumeric.py:3123(_ndim_dispatcher)
      245    0.001    0.000    0.001    0.000 fromnumeric.py:3127(ndim)
       80    0.000    0.000    0.000    0.000 fromnumeric.py:3216(_around_dispatcher)
       40    0.000    0.000    0.001    0.000 fromnumeric.py:3220(around)
       40    0.000    0.000    0.001    0.000 fromnumeric.py:3730(round_)
       63    0.000    0.000    0.002    0.000 fromnumeric.py:38(_wrapit)
      227    0.001    0.000    0.202    0.001 fromnumeric.py:51(_wrapfunc)
     2016    0.005    0.000    0.014    0.000 fromnumeric.py:69(_wrapreduction)
     2016    0.001    0.000    0.001    0.000 fromnumeric.py:70(<dictcomp>)
        3    0.000    0.000    0.000    0.000 function_base.py:1160(_diff_dispatcher)
        3    0.000    0.000    0.000    0.000 function_base.py:1164(diff)
        3    0.000    0.000    0.000    0.000 function_base.py:18(_linspace_dispatcher)
        3    0.000    0.000    0.000    0.000 function_base.py:23(linspace)
      516    0.001    0.000    0.001    0.000 function_base.py:244(iterable)
        1    0.000    0.000    0.000    0.000 genericpath.py:27(isfile)
       16    0.000    0.000    0.000    0.000 getlimits.py:382(__new__)
      4/2    0.000    0.000    0.206    0.103 image.py:114(_draw_list_compositing_images)
        8    0.000    0.000    0.000    0.000 image.py:124(<genexpr>)
      408    0.004    0.000    0.832    0.002 image.py:161(_resample)
      102    0.011    0.000    0.015    0.000 image.py:202(_rgb_to_rgba)
      408    0.000    0.000    0.000    0.000 image.py:286(_get_scalar_alpha)
      204    0.111    0.001    1.699    0.008 image.py:307(_make_image)
      204    0.005    0.000    1.815    0.009 image.py:616(draw)
      102    0.002    0.000    0.013    0.000 image.py:684(set_data)
      102    0.000    0.000    0.013    0.000 image.py:733(set_array)
      408    0.000    0.000    0.000    0.000 image.py:745(get_interpolation)
      306    0.000    0.000    0.000    0.000 image.py:800(get_resample)
      408    0.000    0.000    0.000    0.000 image.py:817(get_filternorm)
      408    0.000    0.000    0.000    0.000 image.py:836(get_filterrad)
      204    0.043    0.000    1.750    0.009 image.py:917(make_image)
      204    0.000    0.000    0.000    0.000 image.py:961(get_extent)
     2364    0.000    0.000    0.000    0.000 inspect.py:2678(name)
     1204    0.000    0.000    0.000    0.000 inspect.py:2682(default)
     4722    0.001    0.000    0.001    0.000 inspect.py:2690(kind)
      258    0.000    0.000    0.000    0.000 inspect.py:2770(__init__)
      258    0.000    0.000    0.000    0.000 inspect.py:2997(parameters)
      258    0.006    0.000    0.008    0.000 inspect.py:3041(_bind)
      258    0.000    0.000    0.008    0.000 inspect.py:3172(bind)
        1    0.000    0.000    0.000    0.000 linalg.py:102(get_linalg_error_extobj)
        1    0.000    0.000    0.000    0.000 linalg.py:107(_makearray)
        2    0.000    0.000    0.000    0.000 linalg.py:112(isComplexType)
        1    0.000    0.000    0.000    0.000 linalg.py:125(_realType)
        1    0.000    0.000    0.000    0.000 linalg.py:135(_commonType)
        1    0.000    0.000    0.000    0.000 linalg.py:193(_assert_stacked_2d)
        1    0.000    0.000    0.000    0.000 linalg.py:199(_assert_stacked_square)
        1    0.000    0.000    0.000    0.000 linalg.py:472(_unary_dispatcher)
        1    0.000    0.000    0.000    0.000 linalg.py:476(inv)
       16    0.000    0.000    0.002    0.000 lines.py:1016(get_path)
       48    0.000    0.000    0.000    0.000 lines.py:1033(set_antialiased)
       48    0.000    0.000    0.001    0.000 lines.py:1045(set_color)
       48    0.000    0.000    0.000    0.000 lines.py:1058(set_drawstyle)
       48    0.000    0.000    0.000    0.000 lines.py:1093(set_linewidth)
       48    0.000    0.000    0.001    0.000 lines.py:1111(set_linestyle)
       32    0.000    0.000    0.002    0.000 lines.py:1159(set_marker)
       48    0.000    0.000    0.000    0.000 lines.py:1173(set_markeredgecolor)
       48    0.000    0.000    0.000    0.000 lines.py:1188(set_markeredgewidth)
       48    0.000    0.000    0.001    0.000 lines.py:1203(set_markerfacecolor)
       48    0.000    0.000    0.001    0.000 lines.py:1217(set_markerfacecoloralt)
       48    0.000    0.000    0.000    0.000 lines.py:1231(set_markersize)
      240    0.000    0.000    0.001    0.000 lines.py:1245(set_xdata)
      240    0.000    0.000    0.000    0.000 lines.py:1257(set_ydata)
       48    0.000    0.000    0.002    0.000 lines.py:1290(update_from)
       48    0.000    0.000    0.000    0.000 lines.py:1314(set_dash_joinstyle)
       48    0.000    0.000    0.000    0.000 lines.py:1328(set_solid_joinstyle)
       48    0.000    0.000    0.000    0.000 lines.py:1358(set_dash_capstyle)
       48    0.000    0.000    0.000    0.000 lines.py:1372(set_solid_capstyle)
       48    0.001    0.000    0.012    0.000 lines.py:276(__init__)
       48    0.000    0.000    0.000    0.000 lines.py:32(_get_dash_pattern)
       48    0.000    0.000    0.000    0.000 lines.py:496(set_pickradius)
       48    0.000    0.000    0.000    0.000 lines.py:541(set_markevery)
       32    0.000    0.000    0.000    0.000 lines.py:598(get_markevery)
       48    0.000    0.000    0.000    0.000 lines.py:632(axes)
       48    0.000    0.000    0.000    0.000 lines.py:641(set_data)
       96    0.000    0.000    0.000    0.000 lines.py:66(_scale_dashes)
       48    0.001    0.000    0.005    0.000 lines.py:660(recache)
       32    0.000    0.000    0.001    0.000 lines.py:702(_transform_path)
       32    0.000    0.000    0.001    0.000 lines.py:717(_get_transformed_path)
       48    0.000    0.000    0.000    0.000 lines.py:726(set_transform)
       96    0.001    0.000    0.012    0.000 lines.py:744(draw)
       32    0.000    0.000    0.000    0.000 lines.py:891(get_drawstyle)
       32    0.000    0.000    0.000    0.000 lines.py:923(get_markeredgecolor)
       64    0.000    0.000    0.000    0.000 lines.py:949(_get_markerfacecolor)
      128    0.000    0.000    0.004    0.000 markers.py:220(__init__)
      208    0.000    0.000    0.002    0.000 markers.py:238(_recache)
       32    0.000    0.000    0.000    0.000 markers.py:254(__bool__)
       96    0.000    0.000    0.000    0.000 markers.py:260(get_fillstyle)
      128    0.000    0.000    0.001    0.000 markers.py:267(_set_fillstyle)
       32    0.000    0.000    0.000    0.000 markers.py:283(get_joinstyle)
       32    0.000    0.000    0.000    0.000 markers.py:286(get_capstyle)
       32    0.000    0.000    0.000    0.000 markers.py:289(get_marker)
      128    0.001    0.000    0.003    0.000 markers.py:296(_set_marker)
       32    0.000    0.000    0.000    0.000 markers.py:337(get_path)
       32    0.000    0.000    0.000    0.000 markers.py:346(get_transform)
       32    0.000    0.000    0.000    0.000 markers.py:353(get_alt_path)
       32    0.000    0.000    0.000    0.000 markers.py:369(get_snap_threshold)
       48    0.000    0.000    0.000    0.000 markers.py:372(_set_nothing)
        8    0.000    0.000    0.000    0.000 markers.py:683(_set_tickleft)
        8    0.000    0.000    0.000    0.000 markers.py:689(_set_tickright)
        8    0.000    0.000    0.000    0.000 markers.py:697(_set_tickup)
        8    0.000    0.000    0.000    0.000 markers.py:703(_set_tickdown)
        2    0.000    0.000    0.000    0.000 mathtext.py:423(__init__)
      103    0.000    0.000    0.000    0.000 multiarray.py:1071(copyto)
       51    0.000    0.000    0.000    0.000 multiarray.py:148(concatenate)
      102    0.000    0.000    0.000    0.000 multiarray.py:498(can_cast)
      306    0.000    0.000    0.000    0.000 multiarray.py:613(min_scalar_type)
        3    0.000    0.000    0.000    0.000 multiarray.py:664(result_type)
     2614    0.001    0.000    0.001    0.000 multiarray.py:736(dot)
    24990    0.004    0.000    0.004    0.000 multiarray.py:80(empty_like)
        2    0.000    0.000    0.000    0.000 ntpath.py:124(splitdrive)
        1    0.000    0.000    0.000    0.000 ntpath.py:34(_get_bothseps)
        2    0.000    0.000    0.000    0.000 ntpath.py:44(normcase)
        1    0.000    0.000    0.000    0.000 ntpath.py:463(normpath)
        1    0.000    0.000    0.000    0.000 ntpath.py:61(isabs)
        1    0.000    0.000    0.000    0.000 ntpath.py:638(realpath)
    24888    0.004    0.000    0.004    0.000 numeric.py:1136(_roll_dispatcher)
    24888    0.539    0.000    0.672    0.000 numeric.py:1140(roll)
    24888    0.011    0.000    0.011    0.000 numeric.py:1221(<dictcomp>)
    24888    0.042    0.000    0.064    0.000 numeric.py:1335(normalize_axis_tuple)
    24888    0.012    0.000    0.019    0.000 numeric.py:1385(<listcomp>)
        1    0.000    0.000    0.000    0.000 numeric.py:149(ones)
        3    0.000    0.000    0.000    0.000 numeric.py:1858(isscalar)
      102    0.000    0.000    0.000    0.000 numeric.py:214(_ones_like_dispatcher)
      102    0.000    0.000    0.005    0.000 numeric.py:218(ones_like)
      204    0.000    0.000    0.000    0.000 numerictypes.py:230(obj2sctype)
      618    0.001    0.000    0.001    0.000 numerictypes.py:284(issubclass_)
      309    0.001    0.000    0.002    0.000 numerictypes.py:358(issubdtype)
      204    0.000    0.000    0.001    0.000 numerictypes.py:435(__getitem__)
       16    0.000    0.000    0.001    0.000 patches.py:271(get_transform)
       12    0.000    0.000    0.000    0.000 patches.py:282(get_patch_transform)
       24    0.000    0.000    0.001    0.000 patches.py:546(_bind_draw_path_function)
       12    0.000    0.000    0.005    0.000 patches.py:598(draw)
        4    0.000    0.000    0.000    0.000 patches.py:760(get_path)
        4    0.000    0.000    0.000    0.000 patches.py:764(_convert_units)
        4    0.000    0.000    0.001    0.000 patches.py:772(get_patch_transform)
        4    0.000    0.000    0.000    0.000 patches.py:854(get_bbox)
       76    0.000    0.000    0.000    0.000 path.py:161(_fast_from_codes_and_verts)
       53    0.000    0.000    0.000    0.000 path.py:190(_update_values)
      244    0.000    0.000    0.000    0.000 path.py:199(vertices)
      128    0.000    0.000    0.000    0.000 path.py:213(codes)
       76    0.000    0.000    0.000    0.000 path.py:232(simplify_threshold)
       76    0.000    0.000    0.000    0.000 path.py:244(should_simplify)
        4    0.000    0.000    0.000    0.000 path.py:599(get_extents)
        4    0.000    0.000    0.000    0.000 path.py:726(unit_rectangle)
       53    0.000    0.000    0.001    0.000 path.py:98(__init__)
        1    0.000    0.000    0.000    0.000 pyplot.py:212(_get_required_interactive_framework)
        1    0.000    0.000    0.000    0.000 pyplot.py:304(_warn_if_gui_out_of_main_thread)
        1    0.000    0.000    5.552    5.552 pyplot.py:333(show)
      318    0.000    0.000    0.001    0.000 pyplot.py:822(_auto_draw_if_interactive)
      568    0.001    0.000    0.004    0.000 re.py:187(match)
      568    0.001    0.000    0.001    0.000 re.py:288(_compile)
      104    0.000    0.000    0.000    0.000 scale.py:108(get_transform)
       48    0.000    0.000    0.000    0.000 shape_base.py:207(_arrays_for_stack_dispatcher)
       48    0.000    0.000    0.000    0.000 shape_base.py:608(_column_stack_dispatcher)
       48    0.000    0.000    0.001    0.000 shape_base.py:612(column_stack)
       12    0.000    0.000    0.000    0.000 spines.py:134(get_patch_transform)
       12    0.000    0.000    0.000    0.000 spines.py:197(get_path)
       64    0.000    0.000    0.000    0.000 spines.py:200(_ensure_position_is_set)
        8    0.000    0.000    0.000    0.000 spines.py:229(_adjust_location)
        8    0.000    0.000    0.002    0.000 spines.py:287(draw)
       64    0.000    0.000    0.001    0.000 spines.py:330(get_spine_transform)
       64    0.000    0.000    0.000    0.000 spines.py:549(__getattr__)
       20    0.000    0.000    0.000    0.000 spines.py:556(__getitem__)
        4    0.000    0.000    0.000    0.000 spines.py:582(__iter__)
        4    0.000    0.000    0.000    0.000 spines.py:585(__len__)
       48    0.000    0.000    0.000    0.000 stride_tricks.py:414(_broadcast_shape)
       48    0.000    0.000    0.000    0.000 stride_tricks.py:474(_broadcast_arrays_dispatcher)
       48    0.000    0.000    0.001    0.000 stride_tricks.py:478(broadcast_arrays)
       48    0.000    0.000    0.000    0.000 stride_tricks.py:536(<listcomp>)
      144    0.000    0.000    0.000    0.000 stride_tricks.py:540(<genexpr>)
       32    0.000    0.000    0.000    0.000 text.py:1044(set_fontsize)
       20    0.000    0.000    0.000    0.000 text.py:1130(set_position)
      148    0.000    0.000    0.000    0.000 text.py:1141(set_x)
      148    0.000    0.000    0.000    0.000 text.py:1152(set_y)
       64    0.000    0.000    0.000    0.000 text.py:1187(set_verticalalignment)
      196    0.000    0.000    0.000    0.000 text.py:1201(set_text)
       48    0.000    0.000    0.000    0.000 text.py:1219(_preprocess_math)
       32    0.000    0.000    0.003    0.000 text.py:1240(set_fontproperties)
       32    0.000    0.000    0.000    0.000 text.py:1254(set_usetex)
       96    0.000    0.000    0.000    0.000 text.py:1268(get_usetex)
       32    0.000    0.000    0.008    0.000 text.py:129(__init__)
       64    0.000    0.000    0.005    0.000 text.py:173(update)
        6    0.000    0.000    0.001    0.000 text.py:223(_get_xy_display)
       16    0.000    0.000    0.000    0.000 text.py:230(_get_multialignment)
       48    0.000    0.000    0.000    0.000 text.py:236(get_rotation)
       48    0.000    0.000    0.000    0.000 text.py:247(get_transform_rotates_text)
       64    0.000    0.000    0.000    0.000 text.py:25(_wrap_text)
       32    0.000    0.000    0.000    0.000 text.py:253(set_rotation_mode)
       16    0.000    0.000    0.000    0.000 text.py:268(get_rotation_mode)
       32    0.000    0.000    0.002    0.000 text.py:272(update_from)
       96    0.002    0.000    0.039    0.000 text.py:287(_get_layout)
        8    0.000    0.000    0.000    0.000 text.py:362(<listcomp>)
        8    0.000    0.000    0.000    0.000 text.py:365(<listcomp>)
       48    0.000    0.000    0.000    0.000 text.py:40(get_rotation)
       32    0.000    0.000    0.000    0.000 text.py:536(get_wrap)
       32    0.000    0.000    0.000    0.000 text.py:540(set_wrap)
       78    0.001    0.000    0.013    0.000 text.py:665(draw)
       32    0.000    0.000    0.000    0.000 text.py:735(get_color)
      166    0.000    0.000    0.001    0.000 text.py:820(get_unitless_position)
       26    0.000    0.000    0.000    0.000 text.py:828(get_position)
       96    0.000    0.000    0.002    0.000 text.py:834(get_prop_tup)
      228    0.000    0.000    0.000    0.000 text.py:853(get_text)
       70    0.001    0.000    0.047    0.001 text.py:864(get_window_extent)
       32    0.000    0.000    0.001    0.000 text.py:929(set_color)
       64    0.000    0.000    0.000    0.000 text.py:949(set_horizontalalignment)
        1    0.000    0.000    0.000    0.000 textpath.py:24(__init__)
        1    0.000    0.000    0.000    0.000 threading.py:1410(current_thread)
        1    0.000    0.000    0.000    0.000 threading.py:1545(main_thread)
       16    0.000    0.000    0.000    0.000 ticker.py:1731(raise_if_exceeds)
        8    0.000    0.000    0.000    0.000 ticker.py:1884(__call__)
        8    0.000    0.000    0.000    0.000 ticker.py:1887(tick_values)
       16    0.000    0.000    0.000    0.000 ticker.py:2020(scale_range)
       16    0.000    0.000    0.000    0.000 ticker.py:2038(__init__)
       32    0.000    0.000    0.000    0.000 ticker.py:2049(closeto)
       16    0.000    0.000    0.000    0.000 ticker.py:2059(le)
       16    0.000    0.000    0.000    0.000 ticker.py:2066(ge)
       16    0.001    0.000    0.011    0.001 ticker.py:2202(_raw_ticks)
       16    0.000    0.000    0.012    0.001 ticker.py:2262(__call__)
       16    0.000    0.000    0.012    0.001 ticker.py:2266(tick_values)
       16    0.000    0.000    0.003    0.000 ticker.py:260(format_ticks)
       16    0.000    0.000    0.001    0.000 ticker.py:263(<listcomp>)
       16    0.000    0.000    0.000    0.000 ticker.py:283(set_locs)
       84    0.000    0.000    0.000    0.000 ticker.py:292(fix_minus)
       80    0.000    0.000    0.000    0.000 ticker.py:628(_format_maybe_minus_and_locale)
       80    0.000    0.000    0.001    0.000 ticker.py:663(__call__)
        4    0.000    0.000    0.000    0.000 ticker.py:771(get_offset)
       16    0.000    0.000    0.005    0.000 ticker.py:799(set_locs)
       16    0.000    0.000    0.002    0.000 ticker.py:808(_compute_offset)
       16    0.000    0.000    0.001    0.000 ticker.py:847(_set_order_of_magnitude)
       16    0.001    0.000    0.002    0.000 ticker.py:884(_set_format)
     3035    0.001    0.000    0.001    0.000 transforms.py:1019(get_points)
        4    0.000    0.000    0.000    0.000 transforms.py:1037(set)
      204    0.001    0.000    0.003    0.000 transforms.py:1067(__init__)
     5264    0.003    0.000    0.003    0.000 transforms.py:107(__init__)
2055/2054    0.004    0.000    0.021    0.000 transforms.py:1089(get_points)
      884    0.001    0.000    0.008    0.000 transforms.py:1315(__add__)
       64    0.000    0.000    0.000    0.000 transforms.py:1330(_iter_break_from_left_to_right)
       16    0.000    0.000    0.002    0.000 transforms.py:1393(__sub__)
      408    0.001    0.000    0.024    0.000 transforms.py:1443(__array__)
      326    0.002    0.000    0.020    0.000 transforms.py:1447(transform)
        2    0.000    0.000    0.000    0.000 transforms.py:1548(get_matrix)
        4    0.000    0.000    0.000    0.000 transforms.py:1568(transform_path)
        4    0.000    0.000    0.000    0.000 transforms.py:1577(transform_path_affine)
       44    0.000    0.000    0.001    0.000 transforms.py:1587(transform_path_non_affine)
     1114    0.001    0.000    0.003    0.000 transforms.py:170(invalidate)
     1398    0.001    0.000    0.001    0.000 transforms.py:1739(<lambda>)
     3795    0.004    0.000    0.006    0.000 transforms.py:1750(__init__)
       76    0.000    0.000    0.000    0.000 transforms.py:1754(__array__)
       35    0.000    0.000    0.001    0.000 transforms.py:1758(__eq__)
      371    0.001    0.000    0.003    0.000 transforms.py:1763(transform)
        4    0.000    0.000    0.000    0.000 transforms.py:1780(transform_path_affine)
     3246    0.001    0.000    0.001    0.000 transforms.py:1789(get_affine)
1219/1114    0.002    0.000    0.002    0.000 transforms.py:180(_invalidate_internal)
       64    0.000    0.000    0.001    0.000 transforms.py:1813(frozen)
      375    0.001    0.000    0.003    0.000 transforms.py:1829(transform_affine)
       16    0.000    0.000    0.000    0.000 transforms.py:1850(inverted)
     3327    0.006    0.000    0.015    0.000 transforms.py:1867(__init__)
     4149    0.001    0.000    0.001    0.000 transforms.py:1900(get_matrix)
       20    0.000    0.000    0.001    0.000 transforms.py:1956(rotate)
       20    0.000    0.000    0.001    0.000 transforms.py:1972(rotate_deg)
        4    0.000    0.000    0.000    0.000 transforms.py:1992(rotate_deg_around)
      416    0.001    0.000    0.002    0.000 transforms.py:2004(translate)
      676    0.002    0.000    0.005    0.000 transforms.py:2017(scale)
      940    0.004    0.000    0.004    0.000 transforms.py:207(set_children)
        3    0.000    0.000    0.000    0.000 transforms.py:2086(get_matrix)
      120    0.000    0.000    0.000    0.000 transforms.py:2090(transform)
       96    0.000    0.000    0.000    0.000 transforms.py:2178(<lambda>)
       76    0.000    0.000    0.000    0.000 transforms.py:2186(transform_non_affine)
      140    0.000    0.000    0.000    0.000 transforms.py:2218(get_affine)
     1796    0.001    0.000    0.002    0.000 transforms.py:222(<lambda>)
      619    0.000    0.000    0.000    0.000 transforms.py:2271(get_matrix)
      668    0.002    0.000    0.005    0.000 transforms.py:2311(__init__)
    45/32    0.000    0.000    0.000    0.000 transforms.py:2340(_invalidate_internal)
        2    0.000    0.000    0.000    0.000 transforms.py:2355(__eq__)
4851/2025    0.004    0.000    0.004    0.000 transforms.py:2369(<lambda>)
      326    0.001    0.000    0.015    0.000 transforms.py:2377(transform_affine)
      326    0.001    0.000    0.002    0.000 transforms.py:2381(transform_non_affine)
        4    0.000    0.000    0.000    0.000 transforms.py:2391(transform_path_non_affine)
 2594/738    0.010    0.000    0.035    0.000 transforms.py:2401(get_affine)
      884    0.002    0.000    0.007    0.000 transforms.py:2468(composite_transform_factory)
        4    0.000    0.000    0.000    0.000 transforms.py:2546(__init__)
      700    0.000    0.000    0.001    0.000 transforms.py:2562(get_matrix)
        8    0.000    0.000    0.000    0.000 transforms.py:259(frozen)
      618    0.000    0.000    0.001    0.000 transforms.py:2616(get_matrix)
      305    0.000    0.000    0.001    0.000 transforms.py:263(__array__)
       32    0.000    0.000    0.000    0.000 transforms.py:2638(__init__)
      102    0.000    0.000    0.000    0.000 transforms.py:2648(get_matrix)
      618    0.001    0.000    0.001    0.000 transforms.py:266(x0)
       32    0.000    0.000    0.000    0.000 transforms.py:2701(__init__)
       32    0.000    0.000    0.001    0.000 transforms.py:2716(_revalidate)
       32    0.000    0.000    0.001    0.000 transforms.py:2729(get_transformed_points_and_affine)
       32    0.000    0.000    0.000    0.000 transforms.py:2756(get_affine)
      620    0.000    0.000    0.001    0.000 transforms.py:276(y0)
       16    0.001    0.000    0.001    0.000 transforms.py:2799(nonsingular)
       80    0.000    0.000    0.000    0.000 transforms.py:2879(_interval_contains_close)
      460    0.001    0.000    0.029    0.000 transforms.py:326(xmin)
      466    0.001    0.000    0.004    0.000 transforms.py:331(ymin)
      460    0.001    0.000    0.005    0.000 transforms.py:336(xmax)
      468    0.001    0.000    0.004    0.000 transforms.py:341(ymax)
      240    0.001    0.000    0.001    0.000 transforms.py:356(intervalx)
      240    0.000    0.000    0.000    0.000 transforms.py:365(intervaly)
      421    0.001    0.000    0.001    0.000 transforms.py:374(width)
      421    0.000    0.000    0.001    0.000 transforms.py:380(height)
      107    0.001    0.000    0.001    0.000 transforms.py:386(size)
       19    0.000    0.000    0.000    0.000 transforms.py:392(bounds)
       20    0.000    0.000    0.002    0.000 transforms.py:487(transformed)
        4    0.000    0.000    0.000    0.000 transforms.py:514(anchored)
        4    0.000    0.000    0.000    0.000 transforms.py:560(shrunk_to_aspect)
       64    0.001    0.000    0.001    0.000 transforms.py:650(translated)
        6    0.000    0.000    0.003    0.001 transforms.py:675(union)
        6    0.000    0.000    0.001    0.000 transforms.py:680(<listcomp>)
        6    0.000    0.000    0.001    0.000 transforms.py:681(<listcomp>)
        6    0.000    0.000    0.001    0.000 transforms.py:682(<listcomp>)
        6    0.000    0.000    0.001    0.000 transforms.py:683(<listcomp>)
      204    0.005    0.000    0.047    0.000 transforms.py:686(intersection)
      565    0.003    0.000    0.007    0.000 transforms.py:780(__init__)
       43    0.000    0.000    0.002    0.000 transforms.py:820(from_bounds)
       47    0.000    0.000    0.002    0.000 transforms.py:829(from_extents)
        1    0.000    0.000    0.000    0.000 transforms.py:963(p1)
       12    0.000    0.000    0.000    0.000 units.py:58(_is_natively_supported)
        2    0.000    0.000    0.000    0.000 weakref.py:47(__new__)
        3    0.000    0.000    0.000    0.000 weakref.py:69(__call__)
      174    0.000    0.000    0.000    0.000 {built-in method __new__ of type object at 0x00007FFD1FAAA920}      
     1690    0.001    0.000    0.001    0.000 {built-in method _abc._abc_instancecheck}
    72/34    0.000    0.000    0.000    0.000 {built-in method _abc._abc_subclasscheck}
      102    0.000    0.000    0.000    0.000 {built-in method _functools.reduce}
    24891    0.004    0.000    0.004    0.000 {built-in method _operator.index}
        1    0.000    0.000    0.000    0.000 {built-in method _stat.S_ISREG}
       65    0.000    0.000    0.000    0.000 {built-in method _thread.get_ident}
        6    0.000    0.000    0.000    0.000 {built-in method _tkinter._flatten}
     1606    0.000    0.000    0.000    0.000 {built-in method builtins.abs}
       54    0.000    0.000    0.000    0.000 {built-in method builtins.all}
     1279    0.001    0.000    0.002    0.000 {built-in method builtins.any}
      505    0.000    0.000    0.000    0.000 {built-in method builtins.callable}
      160    0.000    0.000    0.000    0.000 {built-in method builtins.delattr}
       32    0.000    0.000    0.000    0.000 {built-in method builtins.divmod}
    20748    0.005    0.000    0.007    0.000 {built-in method builtins.getattr}
     1450    0.001    0.000    0.001    0.000 {built-in method builtins.hasattr}
  528/312    0.000    0.000    0.002    0.000 {built-in method builtins.hash}
     3830    0.001    0.000    0.001    0.000 {built-in method builtins.id}
    20910    0.005    0.000    0.007    0.000 {built-in method builtins.isinstance}
     1032    0.000    0.000    0.000    0.000 {built-in method builtins.issubclass}
     1138    0.001    0.000    0.001    0.000 {built-in method builtins.iter}
2313/2309    0.000    0.000    0.000    0.000 {built-in method builtins.len}
      736    0.001    0.000    0.001    0.000 {built-in method builtins.max}
      624    0.001    0.000    0.001    0.000 {built-in method builtins.min}
     2467    0.001    0.000    0.006    0.000 {built-in method builtins.next}
        1    0.001    0.001    0.001    0.001 {built-in method builtins.print}
      104    0.000    0.000    0.000    0.000 {built-in method builtins.repr}
       64    0.000    0.000    0.000    0.000 {built-in method builtins.round}
      732    0.000    0.000    0.000    0.000 {built-in method builtins.setattr}
      150    0.001    0.000    0.001    0.000 {built-in method builtins.sorted}
      136    0.000    0.000    0.000    0.000 {built-in method builtins.vars}
      608    0.001    0.000    0.001    0.000 {built-in method math.ceil}
       52    0.000    0.000    0.000    0.000 {built-in method math.cos}
      232    0.000    0.000    0.000    0.000 {built-in method math.floor}
       48    0.000    0.000    0.000    0.000 {built-in method math.log10}
       84    0.000    0.000    0.000    0.000 {built-in method math.radians}
       52    0.000    0.000    0.000    0.000 {built-in method math.sin}
        1    0.000    0.000    0.000    0.000 {built-in method matplotlib._c_internal_utils.Win32_GetForegroundWindow}
      408    0.753    0.002    0.781    0.002 {built-in method matplotlib._image.resample}
      375    0.001    0.000    0.001    0.000 {built-in method matplotlib._path.affine_transform}
      102    0.201    0.002    0.201    0.002 {built-in method matplotlib.backends._tkagg.blit}
        2    0.000    0.000    0.000    0.000 {built-in method nt._getfinalpathname}
        6    0.000    0.000    0.000    0.000 {built-in method nt.fspath}
        1    0.000    0.000    0.000    0.000 {built-in method nt.getcwd}
        1    0.000    0.000    0.000    0.000 {built-in method nt.stat}
       19    0.000    0.000    0.000    0.000 {built-in method numpy.arange}
     2676    0.088    0.000    0.088    0.000 {built-in method numpy.array}
    25643    0.006    0.000    0.006    0.000 {built-in method numpy.asanyarray}
     1884    0.022    0.000    0.022    0.000 {built-in method numpy.asarray}
55806/30375    0.078    0.000    0.951    0.000 {built-in method numpy.core._multiarray_umath.implement_array_function}
    24891    0.007    0.000    0.007    0.000 {built-in method numpy.core._multiarray_umath.normalize_axis_index} 
      104    0.001    0.000    0.001    0.000 {built-in method numpy.empty}
      408    0.000    0.000    0.000    0.000 {built-in method numpy.geterrobj}
      204    0.000    0.000    0.000    0.000 {built-in method numpy.seterrobj}
      510    0.050    0.000    0.050    0.000 {built-in method numpy.zeros}
        1    0.000    0.000    0.000    0.000 {built-in method time.monotonic}
        2    0.000    0.000    0.000    0.000 {built-in method time.time}
2754/2550    0.002    0.000    0.021    0.000 {function MaskedArray.view at 0x0000024DFFDB00D0}
     5108    0.002    0.000    0.002    0.000 {function RcParams.__getitem__ at 0x0000024D88AFD240}
        1    0.000    0.000    0.000    0.000 {method '__array_prepare__' of 'numpy.ndarray' objects}
        2    0.000    0.000    0.000    0.000 {method '__exit__' of '_thread.RLock' objects}
        1    0.000    0.000    0.000    0.000 {method 'all' of 'numpy.ndarray' objects}
        3    0.000    0.000    0.000    0.000 {method 'any' of 'numpy.generic' objects}
      208    0.001    0.000    0.004    0.000 {method 'any' of 'numpy.ndarray' objects}
      963    0.000    0.000    0.000    0.000 {method 'append' of 'list' objects}
      204    0.000    0.000    0.000    0.000 {method 'astype' of 'numpy.generic' objects}
      358    0.045    0.000    0.045    0.000 {method 'astype' of 'numpy.ndarray' objects}
  220/218    0.031    0.000    0.234    0.001 {method 'call' of '_tkinter.tkapp' objects}
        1    0.000    0.000    0.000    0.000 {method 'clear' of 'dict' objects}
        1    0.000    0.000    0.000    0.000 {method 'clear' of 'matplotlib.backends._backend_agg.RendererAgg' objects}
       64    0.000    0.000    0.000    0.000 {method 'clear' of 'matplotlib.ft2font.FT2Font' objects}
      121    0.000    0.000    0.200    0.002 {method 'clip' of 'numpy.ndarray' objects}
      160    0.000    0.000    0.000    0.000 {method 'copy' of 'list' objects}
      204    0.000    0.000    0.000    0.000 {method 'copy' of 'numpy.generic' objects}
     4735    0.013    0.000    0.013    0.000 {method 'copy' of 'numpy.ndarray' objects}
        1    0.000    0.000    0.000    0.000 {method 'copy_from_bbox' of 'matplotlib.backends._backend_agg.RendererAgg' objects}
      192    0.000    0.000    0.000    0.000 {method 'count' of 'str' objects}
      105    0.000    0.000    0.000    0.000 {method 'createcommand' of '_tkinter.tkapp' objects}
      103    0.000    0.000    0.000    0.000 {method 'deletecommand' of '_tkinter.tkapp' objects}
        1    0.000    0.000    0.000    0.000 {method 'disable' of '_lsprof.Profiler' objects}
        3    0.000    0.000    0.000    0.000 {method 'discard' of 'set' objects}
       32    0.001    0.000    0.001    0.000 {method 'draw_glyphs_to_bitmap' of 'matplotlib.ft2font.FT2Font' objects}
      204    0.045    0.000    0.046    0.000 {method 'draw_image' of 'matplotlib.backends._backend_agg.RendererAgg' objects}
       32    0.001    0.000    0.002    0.000 {method 'draw_markers' of 'matplotlib.backends._backend_agg.RendererAgg' objects}
       12    0.001    0.000    0.001    0.000 {method 'draw_path' of 'matplotlib.backends._backend_agg.RendererAgg' objects}
       32    0.001    0.000    0.001    0.000 {method 'draw_text_image' of 'matplotlib.backends._backend_agg.RendererAgg' objects}
      728    0.000    0.000    0.000    0.000 {method 'endswith' of 'str' objects}
        8    0.000    0.000    0.000    0.000 {method 'extend' of 'list' objects}
        1    0.000    0.000    0.000    0.000 {method 'format' of 'str' objects}
     3810    0.001    0.000    0.001    0.000 {method 'get' of 'dict' objects}
       32    0.000    0.000    0.000    0.000 {method 'get_bitmap_offset' of 'matplotlib.ft2font.FT2Font' objects}       64    0.000    0.000    0.000    0.000 {method 'get_descent' of 'matplotlib.ft2font.FT2Font' objects}      
       32    0.000    0.000    0.000    0.000 {method 'get_width_height' of 'matplotlib.ft2font.FT2Font' objects} 
        2    0.000    0.000    0.000    0.000 {method 'getboolean' of '_tkinter.tkapp' objects}
       14    0.000    0.000    0.000    0.000 {method 'getint' of '_tkinter.tkapp' objects}
       30    0.000    0.000    0.000    0.000 {method 'index' of 'list' objects}
      102    0.000    0.000    0.000    0.000 {method 'interpaddr' of '_tkinter.tkapp' objects}
      204    0.000    0.000    0.000    0.000 {method 'item' of 'numpy.generic' objects}
    29852    0.006    0.000    0.006    0.000 {method 'items' of 'dict' objects}
        1    0.000    0.000    0.000    0.000 {method 'join' of 'str' objects}
     1970    0.000    0.000    0.000    0.000 {method 'lower' of 'str' objects}
        1    0.000    0.000    0.000    0.000 {method 'lstrip' of 'str' objects}
        1    0.148    0.148    5.532    5.532 {method 'mainloop' of '_tkinter.tkapp' objects}
      568    0.001    0.000    0.001    0.000 {method 'match' of 're.Pattern' objects}
      194    0.000    0.000    0.002    0.000 {method 'max' of 'numpy.ndarray' objects}
      154    0.000    0.000    0.003    0.000 {method 'min' of 'numpy.ndarray' objects}
       16    0.000    0.000    0.000    0.000 {method 'nonzero' of 'numpy.ndarray' objects}
     3088    0.001    0.000    0.001    0.000 {method 'pop' of 'dict' objects}
       80    0.000    0.000    0.000    0.000 {method 'ravel' of 'numpy.ndarray' objects}
     2621    0.015    0.000    0.015    0.000 {method 'reduce' of 'numpy.ufunc' objects}
      107    0.000    0.000    0.000    0.000 {method 'remove' of 'list' objects}
      138    0.000    0.000    0.000    0.000 {method 'replace' of 'str' objects}
      478    0.001    0.000    0.001    0.000 {method 'reshape' of 'numpy.ndarray' objects}
      100    0.011    0.000    0.011    0.000 {method 'restore_region' of 'matplotlib.backends._backend_agg.RendererAgg' objects}
       40    0.000    0.000    0.000    0.000 {method 'round' of 'numpy.ndarray' objects}
        4    0.000    0.000    0.000    0.000 {method 'rpartition' of 'str' objects}
        3    0.000    0.000    0.000    0.000 {method 'searchsorted' of 'numpy.ndarray' objects}
       64    0.000    0.000    0.000    0.000 {method 'set_size' of 'matplotlib.ft2font.FT2Font' objects}
       64    0.009    0.000    0.009    0.000 {method 'set_text' of 'matplotlib.ft2font.FT2Font' objects}
        4    0.000    0.000    0.000    0.000 {method 'setdefault' of 'dict' objects}
       18    0.000    0.000    0.000    0.000 {method 'split' of 'str' objects}
        1    0.000    0.000    0.000    0.000 {method 'splitlist' of '_tkinter.tkapp' objects}
        6    0.000    0.000    0.000    0.000 {method 'startswith' of 'str' objects}
       16    0.000    0.000    0.000    0.000 {method 'sum' of 'numpy.ndarray' objects}
      102    0.147    0.001    0.147    0.001 {method 'take' of 'numpy.ndarray' objects}
     8480    0.002    0.000    0.002    0.000 {method 'update' of 'dict' objects}
        2    0.000    0.000    0.000    0.000 {method 'values' of 'collections.OrderedDict' objects}
      258    0.000    0.000    0.000    0.000 {method 'values' of 'mappingproxy' objects}
1530/1326    0.003    0.000    0.006    0.000 {method 'view' of 'numpy.generic' objects}


PS C:\Users\aziub\Downloads\LatticeBoltzmannDemo>
