
Windows PowerShell

Try the new cross-platform PowerShell https://aka.ms/pscore6

PS C:\Users\aziub\Downloads\LatticeBoltzmannDemo> & "C:/Program Files/Python310/python.exe" c:/Users/aziub/Downloads/LatticeBoltzmannDemo/LatticeBoltzmannDemo.py
(18.027763 frames per second)
         668688 function calls (636552 primitive calls) in 5.554 seconds

   Ordered by: internal time

   ncalls  tottime  percall  cumtime  percall filename:lineno(function)
     2040    2.213    0.001    2.213    0.001 LatticeBoltzmannDemo.py:109(collide)
      408    0.722    0.002    0.752    0.002 {built-in method matplotlib._image.resample}
    24888    0.549    0.000    0.685    0.000 numeric.py:1140(roll)
      102    0.202    0.002    0.202    0.002 {built-in method matplotlib.backends._tkagg.blit}
      121    0.199    0.002    0.199    0.002 _methods.py:106(_clip_dep_invoke_with_casting)
     2040    0.179    0.000    0.924    0.000 LatticeBoltzmannDemo.py:84(stream)
        1    0.160    0.160    5.540    5.540 {method 'mainloop' of '_tkinter.tkapp' objects}
      102    0.135    0.001    0.135    0.001 {method 'take' of 'numpy.ndarray' objects}
      204    0.110    0.001    1.647    0.008 image.py:307(_make_image)
55838/30407    0.080    0.000    0.970    0.000 {built-in method numpy.core._multiarray_umath.implement_array_function}
      102    0.074    0.001    0.508    0.005 colors.py:588(__call__)
     2700    0.072    0.000    0.072    0.000 {built-in method numpy.array}
      204    0.052    0.000    0.054    0.000 {method 'draw_image' of 'matplotlib.backends._backend_agg.RendererAgg' objects}
      510    0.049    0.000    0.049    0.000 {built-in method numpy.zeros}
    24888    0.043    0.000    0.066    0.000 numeric.py:1335(normalize_axis_tuple)
      358    0.040    0.000    0.040    0.000 {method 'astype' of 'numpy.ndarray' objects}
      204    0.036    0.000    1.691    0.008 image.py:917(make_image)
    24888    0.028    0.000    0.758    0.000 <__array_function__ internals>:2(roll)
     1900    0.024    0.000    0.024    0.000 {built-in method numpy.asarray}
  220/218    0.023    0.000    0.226    0.001 {method 'call' of '_tkinter.tkapp' objects}
    24990    0.021    0.000    0.052    0.000 <__array_function__ internals>:2(empty_like)
      102    0.018    0.000    0.077    0.001 colors.py:1163(__call__)
     2621    0.015    0.000    0.015    0.000 {method 'reduce' of 'numpy.ufunc' objects}
  438/202    0.014    0.000    1.989    0.010 artist.py:33(draw_wrapper)
     4839    0.013    0.000    0.013    0.000 {method 'copy' of 'numpy.ndarray' objects}
    24888    0.012    0.000    0.019    0.000 numeric.py:1385(<listcomp>)
    24888    0.011    0.000    0.011    0.000 numeric.py:1221(<dictcomp>)
      100    0.011    0.000    0.011    0.000 {method 'restore_region' of 'matplotlib.backends._backend_agg.RendererAgg' objects}
      102    0.011    0.000    0.014    0.000 image.py:202(_rgb_to_rgba)
 2594/738    0.011    0.000    0.038    0.000 transforms.py:2401(get_affine)
     1836    0.011    0.000    0.016    0.000 core.py:2948(_update_from)
     1530    0.010    0.000    0.035    0.000 core.py:2974(__array_finalize__)
       64    0.009    0.000    0.009    0.000 {method 'set_text' of 'matplotlib.ft2font.FT2Font' objects}
      103    0.009    0.000    3.176    0.031 LatticeBoltzmannDemo.py:152(nextFrame)
    25643    0.007    0.000    0.007    0.000 {built-in method numpy.asanyarray}
    24891    0.006    0.000    0.006    0.000 {built-in method numpy.core._multiarray_umath.normalize_axis_index}
    29861    0.006    0.000    0.006    0.000 {method 'items' of 'dict' objects}
     3375    0.006    0.000    0.016    0.000 transforms.py:1867(__init__)
      204    0.006    0.000    1.766    0.009 image.py:616(draw)
      258    0.006    0.000    0.008    0.000 inspect.py:3041(_bind)
    21070    0.006    0.000    0.007    0.000 {built-in method builtins.isinstance}
      204    0.005    0.000    0.049    0.000 transforms.py:686(intersection)
        1    0.005    0.005    0.020    0.020 font_manager.py:1311(_findfont_cached)
    20796    0.005    0.000    0.007    0.000 {built-in method builtins.getattr}
      612    0.005    0.000    0.057    0.000 core.py:2817(__new__)
    24888    0.005    0.000    0.005    0.000 numeric.py:1136(_roll_dispatcher)
     2016    0.005    0.000    0.014    0.000 fromnumeric.py:69(_wrapreduction)
    24990    0.004    0.000    0.004    0.000 multiarray.py:80(empty_like)
     3867    0.004    0.000    0.006    0.000 transforms.py:1750(__init__)
     4903    0.004    0.000    0.006    0.000 __init__.py:604(__getitem__)
4851/2025    0.004    0.000    0.005    0.000 transforms.py:2369(<lambda>)
      980    0.004    0.000    0.005    0.000 transforms.py:207(set_children)
    24891    0.004    0.000    0.004    0.000 {built-in method _operator.index}
      102    0.004    0.000    0.017    0.000 LatticeBoltzmannDemo.py:137(curl)
2063/2062    0.004    0.000    0.022    0.000 transforms.py:1089(get_points)
      573    0.004    0.000    0.007    0.000 transforms.py:780(__init__)
      703    0.004    0.000    0.004    0.000 font_manager.py:1188(score_stretch)
      102    0.004    0.000    0.215    0.002 _backend_tk.py:70(blit)
3737/3107    0.003    0.000    0.006    0.000 artist.py:241(stale)
      408    0.003    0.000    0.802    0.002 image.py:161(_resample)
      102    0.003    0.000    0.007    0.000 core.py:2334(masked_invalid)
     5360    0.003    0.000    0.003    0.000 transforms.py:107(__init__)
1530/1326    0.003    0.000    0.006    0.000 {method 'view' of 'numpy.generic' objects}
      280    0.003    0.000    0.011    0.000 backend_bases.py:751(__init__)
      703    0.003    0.000    0.005    0.000 font_manager.py:1130(score_family)
      612    0.003    0.000    0.011    0.000 core.py:3213(__getitem__)
     2638    0.003    0.000    0.012    0.000 <__array_function__ internals>:2(dot)
      978    0.003    0.000    0.005    0.000 __init__.py:907(get_siblings)
      676    0.003    0.000    0.005    0.000 transforms.py:2017(scale)
     4488    0.003    0.000    0.003    0.000 core.py:3405(dtype)
2754/2550    0.003    0.000    0.022    0.000 {function MaskedArray.view at 0x0000010CFF0100D0}
      516    0.003    0.000    0.003    0.000 __init__.py:64(check_isinstance)
     8480    0.002    0.000    0.002    0.000 {method 'update' of 'dict' objects}
      688    0.002    0.000    0.003    0.000 __init__.py:2094(_setattr_cm)
      482    0.002    0.000    0.009    0.000 _base.py:766(_unstale_viewLim)
      160    0.002    0.000    0.011    0.000 artist.py:1038(update)
      684    0.002    0.000    0.005    0.000 transforms.py:2311(__init__)
       96    0.002    0.000    0.038    0.000 text.py:287(_get_layout)
      100    0.002    0.000    1.945    0.019 animation.py:1237(_blit_draw)
      204    0.002    0.000    0.008    0.000 _base.py:3402(get_xlim)
      306    0.002    0.000    0.053    0.000 colors.py:1128(process_value)
      204    0.002    0.000    0.514    0.003 cm.py:293(to_rgba)
1243/1138    0.002    0.000    0.002    0.000 transforms.py:180(_invalidate_internal)
      938    0.002    0.000    0.009    0.000 fromnumeric.py:2763(amin)
      103    0.002    0.000    3.179    0.031 animation.py:1765(_draw_frame)
      242    0.002    0.000    0.003    0.000 _methods.py:91(_clip_dep_is_scalar_nan)
      102    0.002    0.000    0.014    0.000 image.py:684(set_data)
      850    0.002    0.000    0.002    0.000 enum.py:358(__call__)
      104    0.002    0.000    0.002    0.000 {built-in method numpy.empty}
       78    0.002    0.000    0.014    0.000 text.py:665(draw)
     5108    0.002    0.000    0.002    0.000 {function RcParams.__getitem__ at 0x0000010CFFD49240}
     2040    0.002    0.000    0.002    0.000 core.py:3421(shape)
      916    0.002    0.000    0.007    0.000 transforms.py:2468(composite_transform_factory)
      624    0.002    0.000    0.002    0.000 {built-in method builtins.min}
       96    0.002    0.000    0.013    0.000 lines.py:744(draw)
       32    0.002    0.000    0.002    0.000 {method 'draw_markers' of 'matplotlib.backends._backend_agg.RendererAgg' objects}
      326    0.002    0.000    0.021    0.000 transforms.py:1447(transform)
      280    0.001    0.000    0.002    0.000 font_manager.py:697(__hash__)
     4197    0.001    0.000    0.001    0.000 transforms.py:1900(get_matrix)
       48    0.001    0.000    0.013    0.000 lines.py:276(__init__)
     2016    0.001    0.000    0.001    0.000 fromnumeric.py:70(<dictcomp>)
      978    0.001    0.000    0.002    0.000 __init__.py:858(clean)
       12    0.001    0.000    0.001    0.000 {method 'draw_path' of 'matplotlib.backends._backend_agg.RendererAgg' objects}
      703    0.001    0.000    0.004    0.000 font_manager.py:1206(score_weight)
     3059    0.001    0.000    0.001    0.000 transforms.py:1019(get_points)
     1138    0.001    0.000    0.003    0.000 transforms.py:170(invalidate)
     2467    0.001    0.000    0.006    0.000 {built-in method builtins.next}
      488    0.001    0.000    0.005    0.000 colors.py:178(to_rgba)
       70    0.001    0.000    0.046    0.001 text.py:864(get_window_extent)
     1279    0.001    0.000    0.002    0.000 {built-in method builtins.any}
      460    0.001    0.000    0.030    0.000 transforms.py:326(xmin)
     3160    0.001    0.000    0.001    0.000 {method 'pop' of 'dict' objects}
      714    0.001    0.000    0.002    0.000 core.py:1310(_replace_dtype_fields)
      391    0.001    0.000    0.001    0.000 contextlib.py:102(__init__)
       48    0.001    0.000    0.006    0.000 lines.py:660(recache)
      568    0.001    0.000    0.001    0.000 {method 'match' of 're.Pattern' objects}
      104    0.001    0.000    0.002    0.000 __init__.py:1542(_register)
      938    0.001    0.000    0.011    0.000 <__array_function__ internals>:2(amin)
      102    0.001    0.000    0.012    0.000 core.py:3067(__array_wrap__)
      408    0.001    0.000    0.049    0.000 core.py:6549(array)
     2346    0.001    0.000    0.002    0.000 core.py:1357(getmask)
      940    0.001    0.000    0.006    0.000 fromnumeric.py:2638(amax)
       96    0.001    0.000    0.002    0.000 artist.py:99(__init__)
      101    0.001    0.000    0.021    0.000 animation.py:1259(_blit_clear)
       16    0.001    0.000    0.025    0.002 axis.py:57(__init__)
    258/2    0.001    0.000    0.198    0.099 deprecation.py:404(wrapper)
      107    0.001    0.000    0.001    0.000 transforms.py:386(size)
      204    0.001    0.000    0.002    0.000 _ufunc_config.py:32(seterr)
     3761    0.001    0.000    0.001    0.000 artist.py:822(get_animated)
      204    0.001    0.000    0.003    0.000 transforms.py:1067(__init__)
      280    0.001    0.000    0.004    0.000 backend_bases.py:922(set_clip_path)
      486    0.001    0.000    0.001    0.000 {method 'reshape' of 'numpy.ndarray' objects}
      568    0.001    0.000    0.001    0.000 re.py:288(_compile)
      112    0.001    0.000    0.004    0.000 font_manager.py:638(__init__)
     1326    0.001    0.000    0.002    0.000 core.py:3637(_get_data)
      568    0.001    0.000    0.004    0.000 re.py:187(match)
      375    0.001    0.000    0.002    0.000 transforms.py:1829(transform_affine)
      736    0.001    0.000    0.001    0.000 {built-in method builtins.max}
      375    0.001    0.000    0.001    0.000 {built-in method matplotlib._path.affine_transform}
      101    0.001    0.000    5.050    0.050 _backend_tk.py:138(_on_timer)
      900    0.001    0.000    0.008    0.000 transforms.py:1315(__add__)
      568    0.001    0.000    0.005    0.000 colors.py:132(_is_nth_color)
       80    0.001    0.000    0.002    0.000 __init__.py:1726(normalize_kwargs)
     1698    0.001    0.000    0.001    0.000 {built-in method _abc._abc_instancecheck}
  558/556    0.001    0.000    0.107    0.000 __init__.py:259(process)
      940    0.001    0.000    0.008    0.000 <__array_function__ internals>:2(amax)
     3819    0.001    0.000    0.001    0.000 {method 'get' of 'dict' objects}
      460    0.001    0.000    0.005    0.000 transforms.py:336(xmax)
      326    0.001    0.000    0.002    0.000 transforms.py:2381(transform_non_affine)
     3974    0.001    0.000    0.001    0.000 {built-in method builtins.id}
      566    0.001    0.000    0.001    0.000 artist.py:390(get_transform)
     1868    0.001    0.000    0.002    0.000 transforms.py:222(<lambda>)
      850    0.001    0.000    0.001    0.000 enum.py:670(__new__)
       16    0.001    0.000    0.008    0.000 ticker.py:2202(_raw_ticks)
      245    0.001    0.000    0.001    0.000 fromnumeric.py:3127(ndim)
      102    0.001    0.000    0.007    0.000 core.py:5660(min)
      432    0.001    0.000    0.002    0.000 transforms.py:2004(translate)
      516    0.001    0.000    0.001    0.000 function_base.py:244(iterable)
      626    0.001    0.000    0.001    0.000 transforms.py:266(x0)
      391    0.001    0.000    0.002    0.000 contextlib.py:139(__exit__)
      240    0.001    0.000    0.001    0.000 transforms.py:356(intervalx)
      102    0.001    0.000    0.011    0.000 __init__.py:735(safe_masked_invalid)
     1398    0.001    0.000    0.001    0.000 transforms.py:1739(<lambda>)
      101    0.001    0.000    5.045    0.050 animation.py:1469(_step)
      103    0.001    0.000    0.003    0.000 backend_agg.py:411(get_renderer)
      468    0.001    0.000    0.005    0.000 transforms.py:341(ymax)
      102    0.001    0.000    0.216    0.002 backend_tkagg.py:12(blit)
      204    0.001    0.000    0.001    0.000 _ufunc_config.py:131(geterr)
      714    0.001    0.000    0.001    0.000 core.py:1278(_replace_dtype_fields_recursive)
       64    0.001    0.000    0.001    0.000 transforms.py:650(translated)
      128    0.001    0.000    0.003    0.000 markers.py:296(_set_marker)
      326    0.001    0.000    0.015    0.000 transforms.py:2377(transform_affine)
      121    0.001    0.000    0.203    0.002 _methods.py:125(_clip)
      200    0.001    0.000    1.737    0.009 _base.py:2926(draw_artist)
        8    0.001    0.000    0.069    0.009 axis.py:1023(_update_ticks)
      408    0.001    0.000    0.001    0.000 core.py:3230(_scalar_heuristic)
      421    0.001    0.000    0.001    0.000 transforms.py:374(width)
      280    0.001    0.000    0.004    0.000 artist.py:876(_set_gc_clip)
      608    0.001    0.000    0.001    0.000 {built-in method math.ceil}
      466    0.001    0.000    0.005    0.000 transforms.py:331(ymin)
      102    0.001    0.000    0.203    0.002 _backend_tk.py:53(_blit)
       32    0.001    0.000    0.001    0.000 {method 'draw_text_image' of 'matplotlib.backends._backend_agg.RendererAgg' objects}
      309    0.001    0.000    0.002    0.000 numerictypes.py:358(issubdtype)
      391    0.001    0.000    0.002    0.000 contextlib.py:279(helper)
     1698    0.001    0.000    0.002    0.000 abc.py:117(__instancecheck__)
      704    0.001    0.000    0.001    0.000 __init__.py:100(check_in_list)
     2638    0.001    0.000    0.001    0.000 multiarray.py:736(dot)
     1138    0.001    0.000    0.001    0.000 {built-in method builtins.iter}
     2062    0.001    0.000    0.001    0.000 artist.py:217(axes)
     4722    0.001    0.000    0.001    0.000 inspect.py:2690(kind)
      235    0.001    0.000    0.205    0.001 fromnumeric.py:51(_wrapfunc)
      280    0.001    0.000    0.011    0.000 backend_bases.py:674(new_gc)
      703    0.001    0.000    0.001    0.000 font_manager.py:1122(_expand_aliases)
      927    0.001    0.000    0.001    0.000 __init__.py:1879(_str_equal)
      618    0.001    0.000    0.001    0.000 numerictypes.py:284(issubclass_)
     3246    0.001    0.000    0.001    0.000 transforms.py:1789(get_affine)
      204    0.001    0.000    0.003    0.000 _base.py:3746(get_ylim)
      200    0.001    0.000    0.012    0.000 _base.py:4062(_get_view)
      158    0.001    0.000    0.001    0.000 {built-in method builtins.sorted}
     1450    0.001    0.000    0.001    0.000 {built-in method builtins.hasattr}
        1    0.001    0.001    0.001    0.001 backend_agg.py:85(__init__)
      978    0.001    0.000    0.001    0.000 __init__.py:911(<listcomp>)
        1    0.001    0.001    0.001    0.001 font_manager.py:1403(_get_font)
      112    0.001    0.000    0.001    0.000 font_manager.py:813(set_weight)
        7    0.001    0.000    0.001    0.000 {method 'globalsetvar' of '_tkinter.tkapp' objects}
       96    0.001    0.000    0.002    0.000 text.py:834(get_prop_tup)
       64    0.001    0.000    0.023    0.000 font_manager.py:1248(findfont)
       80    0.001    0.000    0.001    0.000 artist.py:1131(update_from)
      101    0.001    0.000    5.043    0.050 animation.py:1204(_draw_next_frame)
       16    0.001    0.000    0.002    0.000 ticker.py:884(_set_format)
       32    0.001    0.000    0.001    0.000 {method 'draw_glyphs_to_bitmap' of 'matplotlib.ft2font.FT2Font' objects}
      714    0.001    0.000    0.002    0.000 core.py:1324(make_mask_descr)
      408    0.001    0.000    0.026    0.000 transforms.py:1443(__array__)
      716    0.001    0.000    0.001    0.000 transforms.py:2562(get_matrix)
      102    0.001    0.000    0.001    0.000 _internal.py:250(__init__)
      102    0.001    0.000    0.005    0.000 numeric.py:218(ones_like)
      102    0.000    0.000    0.005    0.000 core.py:5794(max)
      208    0.000    0.000    0.004    0.000 {method 'any' of 'numpy.ndarray' objects}
      101    0.000    0.000    5.046    0.050 backend_bases.py:1209(_on_timer)
       32    0.000    0.000    0.008    0.000 backend_agg.py:190(draw_text)
      103    0.000    0.000    0.003    0.000 __init__.py:825(after)
      391    0.000    0.000    0.004    0.000 contextlib.py:130(__enter__)
      429    0.000    0.000    0.001    0.000 transforms.py:380(height)
      480    0.000    0.000    0.009    0.000 _base.py:780(viewLim)
      306    0.000    0.000    0.002    0.000 <__array_function__ internals>:2(min_scalar_type)
      546    0.000    0.000    0.002    0.000 artist.py:356(pchanged)
      204    0.000    0.000    0.001    0.000 numerictypes.py:230(obj2sctype)
      324    0.000    0.000    0.001    0.000 backend_bases.py:953(set_foreground)
2331/2327    0.000    0.000    0.000    0.000 {built-in method builtins.len}
      248    0.000    0.000    0.001    0.000 backend_bases.py:885(set_alpha)
        3    0.000    0.000    0.002    0.001 colors.py:438(_create_lookup_table)
     1032    0.000    0.000    0.000    0.000 {built-in method builtins.issubclass}
      208    0.000    0.000    0.002    0.000 markers.py:238(_recache)
      102    0.000    0.000    0.002    0.000 _ufunc_config.py:434(__exit__)
      204    0.000    0.000    0.003    0.000 core.py:280(_extremum_fill_value)
      101    0.000    0.000    5.044    0.050 animation.py:1179(_step)
       64    0.000    0.000    0.001    0.000 spines.py:330(get_spine_transform)
  528/312    0.000    0.000    0.002    0.000 {built-in method builtins.hash}
      204    0.000    0.000    0.000    0.000 {method 'astype' of 'numpy.generic' objects}
     1970    0.000    0.000    0.000    0.000 {method 'lower' of 'str' objects}
       71    0.000    0.000    0.002    0.000 fromnumeric.py:38(_wrapit)
      705    0.000    0.000    0.001    0.000 __init__.py:1446(debug)
      101    0.000    0.000    1.946    0.019 animation.py:1227(_post_draw)
      204    0.000    0.000    0.000    0.000 {built-in method numpy.seterrobj}
      166    0.000    0.000    0.001    0.000 text.py:820(get_unitless_position)
      313    0.000    0.000    0.002    0.000 artist.py:82(_stale_axes_callback)
      628    0.000    0.000    0.001    0.000 transforms.py:276(y0)
      144    0.000    0.000    0.001    0.000 font_manager.py:849(set_size)
       48    0.000    0.000    0.000    0.000 stride_tricks.py:414(_broadcast_shape)
      371    0.000    0.000    0.003    0.000 transforms.py:1763(transform)
      105    0.000    0.000    0.000    0.000 {method 'createcommand' of '_tkinter.tkapp' objects}
      212    0.000    0.000    0.001    0.000 core.py:582(filled)
      619    0.000    0.000    0.000    0.000 transforms.py:2271(get_matrix)
      964    0.000    0.000    0.000    0.000 _base.py:769(<genexpr>)
      121    0.000    0.000    0.204    0.002 fromnumeric.py:2046(clip)
      121    0.000    0.000    0.205    0.002 <__array_function__ internals>:2(clip)
       48    0.000    0.000    0.001    0.000 shape_base.py:612(column_stack)
      280    0.000    0.000    0.000    0.000 backend_bases.py:1015(get_hatch_path)
      204    0.000    0.000    0.001    0.000 numerictypes.py:435(__getitem__)
      408    0.000    0.000    0.000    0.000 image.py:836(get_filterrad)
       32    0.000    0.000    0.028    0.001 axis.py:294(draw)
      101    0.000    0.000    0.000    0.000 animation.py:1263(<setcomp>)
       64    0.000    0.000    0.001    0.000 font_manager.py:1417(get_font)
      103    0.000    0.000    5.321    0.052 __init__.py:837(callit)
      121    0.000    0.000    0.203    0.002 {method 'clip' of 'numpy.ndarray' objects}
       80    0.000    0.000    0.000    0.000 transforms.py:2879(_interval_contains_close)
      245    0.000    0.000    0.002    0.000 <__array_function__ internals>:2(ndim)
       64    0.000    0.000    0.025    0.000 backend_agg.py:269(_get_agg_font)
      113    0.000    0.000    5.380    0.048 __init__.py:1916(__call__)
       40    0.000    0.000    0.000    0.000 {method 'round' of 'numpy.ndarray' objects}
      732    0.000    0.000    0.000    0.000 {built-in method builtins.setattr}
       32    0.000    0.000    0.007    0.000 text.py:129(__init__)
      618    0.000    0.000    0.000    0.000 transforms.py:2616(get_matrix)
       32    0.000    0.000    0.030    0.001 backend_agg.py:217(get_text_width_height_descent)
      204    0.000    0.000    0.000    0.000 {method 'copy' of 'numpy.generic' objects}
      100    0.000    0.000    0.014    0.000 backend_agg.py:395(restore_region)
      305    0.000    0.000    0.001    0.000 transforms.py:263(__array__)
      963    0.000    0.000    0.000    0.000 {method 'append' of 'list' objects}
       64    0.000    0.000    0.000    0.000 {built-in method builtins.round}
     2364    0.000    0.000    0.000    0.000 inspect.py:2678(name)
       16    0.000    0.000    0.000    0.000 transforms.py:2799(nonsingular)
       80    0.000    0.000    0.000    0.000 __init__.py:1791(<dictcomp>)
       48    0.000    0.000    0.000    0.000 text.py:40(get_rotation)
       16    0.000    0.000    0.001    0.000 ticker.py:808(_compute_offset)
      154    0.000    0.000    0.003    0.000 {method 'min' of 'numpy.ndarray' objects}
       16    0.000    0.000    0.001    0.000 ticker.py:847(_set_order_of_magnitude)
      102    0.000    0.000    0.005    0.000 core.py:7907(asarray)
      240    0.000    0.000    0.000    0.000 transforms.py:365(intervaly)
      128    0.000    0.000    0.001    0.000 markers.py:267(_set_fillstyle)
       48    0.000    0.000    0.001    0.000 lines.py:1111(set_linestyle)
      318    0.000    0.000    0.001    0.000 pyplot.py:822(_auto_draw_if_interactive)
      102    0.000    0.000    0.002    0.000 core.py:3123(view)
      840    0.000    0.000    0.000    0.000 __init__.py:79(<genexpr>)
      204    0.000    0.000    0.000    0.000 colors.py:1226(autoscale_None)
      978    0.000    0.000    0.000    0.000 __init__.py:861(<listcomp>)
        8    0.000    0.000    0.027    0.003 axis.py:486(__init__)
      384    0.000    0.000    0.001    0.000 font_manager.py:1304(<genexpr>)
       48    0.000    0.000    0.001    0.000 axis.py:531(update_position)
       53    0.000    0.000    0.001    0.000 path.py:98(__init__)
       48    0.000    0.000    0.001    0.000 stride_tricks.py:478(broadcast_arrays)
      204    0.000    0.000    0.001    0.000 core.py:215(_get_dtype_of)
       24    0.000    0.000    0.001    0.000 patches.py:546(_bind_draw_path_function)
      112    0.000    0.000    0.000    0.000 font_manager.py:831(set_stretch)
      100    0.000    0.000    0.011    0.000 backend_agg.py:310(restore_region)
       64    0.000    0.000    0.000    0.000 backend_agg.py:50(get_hinting_flag)
     1606    0.000    0.000    0.000    0.000 {built-in method builtins.abs}
      102    0.000    0.000    0.000    0.000 backend_agg.py:286(buffer_rgba)
      876    0.000    0.000    0.000    0.000 artist.py:886(get_rasterized)
      102    0.000    0.000    0.002    0.000 _ufunc_config.py:429(__enter__)
       10    0.000    0.000    0.001    0.000 __init__.py:1576(_substitute)
      705    0.000    0.000    0.000    0.000 __init__.py:1715(isEnabledFor)
       96    0.000    0.000    0.000    0.000 __init__.py:170(__init__)
       64    0.000    0.000    0.004    0.000 text.py:173(update)
      242    0.000    0.000    0.000    0.000 _methods.py:101(_clip_dep_is_byte_swapped)
      408    0.000    0.000    0.000    0.000 image.py:286(_get_scalar_alpha)
        1    0.000    0.000    0.000    0.000 linalg.py:476(inv)
      209    0.000    0.000    0.001    0.000 __init__.py:1325(_to_unmasked_float_array)
      211    0.000    0.000    0.004    0.000 _methods.py:54(_any)
      103    0.000    0.000    0.001    0.000 <__array_function__ internals>:2(copyto)
      204    0.000    0.000    0.000    0.000 animation.py:1794(<lambda>)
      280    0.000    0.000    0.000    0.000 backend_bases.py:834(get_dashes)
      204    0.000    0.000    0.001    0.000 core.py:282(_scalar_fill_value)
       53    0.000    0.000    0.000    0.000 __init__.py:133(check_shape)
        8    0.000    0.000    0.003    0.000 axis.py:2535(get_tick_space)
      938    0.000    0.000    0.000    0.000 fromnumeric.py:2758(_amin_dispatcher)
      100    0.000    0.000    0.000    0.000 animation.py:1240(<setcomp>)
      102    0.000    0.000    0.005    0.000 <__array_function__ internals>:2(ones_like)
      102    0.000    0.000    0.002    0.000 core.py:3601(shrink_mask)
      204    0.000    0.000    0.001    0.000 core.py:3504(mask)
      876    0.000    0.000    0.000    0.000 artist.py:911(get_agg_filter)
      131    0.000    0.000    0.000    0.000 {method 'getint' of '_tkinter.tkapp' objects}
       28    0.000    0.000    0.001    0.000 transforms.py:1956(rotate)
      317    0.000    0.000    0.002    0.000 figure.py:50(_stale_figure_callback)
       48    0.000    0.000    0.001    0.000 lines.py:1290(update_from)
      319    0.000    0.000    0.001    0.000 __init__.py:1116(is_interactive)
      100    0.000    0.000    0.000    0.000 backend_bases.py:1151(interval)
      240    0.000    0.000    0.000    0.000 lines.py:1245(set_xdata)
        2    0.000    0.000    0.000    0.000 {built-in method nt._getfinalpathname}
      112    0.000    0.000    0.000    0.000 font_manager.py:794(set_style)
       16    0.000    0.000    0.000    0.000 ticker.py:2020(scale_range)
      204    0.000    0.000    0.002    0.000 core.py:200(_recursive_fill_value)
        8    0.000    0.000    0.000    0.000 _base.py:2763(_get_axis_map)
       80    0.000    0.000    0.016    0.000 artist.py:1152(set)
      408    0.000    0.000    0.000    0.000 {built-in method numpy.geterrobj}
        1    0.000    0.000    0.000    0.000 {method 'clear' of 'matplotlib.backends._backend_agg.RendererAgg' objects}
      194    0.000    0.000    0.002    0.000 {method 'max' of 'numpy.ndarray' objects}
       96    0.000    0.000    0.000    0.000 __init__.py:1312(is_math_text)
       20    0.000    0.000    0.001    0.000 transforms.py:487(transformed)
      204    0.000    0.000    0.000    0.000 core.py:778(is_string_or_list_of_strings)
      964    0.000    0.000    0.000    0.000 _base.py:771(<genexpr>)
      258    0.000    0.000    0.008    0.000 inspect.py:3172(bind)
      240    0.000    0.000    0.000    0.000 lines.py:1257(set_ydata)
      983    0.000    0.000    0.000    0.000 font_manager.py:739(get_weight)
       35    0.000    0.000    0.001    0.000 transforms.py:1758(__eq__)
      104    0.000    0.000    0.001    0.000 transforms.py:1813(frozen)
      103    0.000    0.000    0.000    0.000 {method 'deletecommand' of '_tkinter.tkapp' objects}
      232    0.000    0.000    0.000    0.000 {built-in method math.floor}
      103    0.000    0.000    0.001    0.000 __init__.py:668(deletecommand)
       76    0.000    0.000    0.000    0.000 path.py:161(_fast_from_codes_and_verts)
      204    0.000    0.000    0.000    0.000 {method 'item' of 'numpy.generic' objects}
       55    0.000    0.000    0.002    0.000 transforms.py:829(from_extents)
      204    0.000    0.000    0.001    0.000 core.py:3731(filled)
      776    0.000    0.000    0.000    0.000 {method 'values' of 'dict' objects}
      128    0.000    0.000    0.004    0.000 markers.py:220(__init__)
      983    0.000    0.000    0.000    0.000 font_manager.py:714(get_family)
      280    0.000    0.000    0.000    0.000 backend_bases.py:819(get_clip_path)
      101    0.000    0.000    0.022    0.000 animation.py:1216(_pre_draw)
      102    0.000    0.000    0.001    0.000 <__array_function__ internals>:2(can_cast)
    72/40    0.000    0.000    0.001    0.000 _base.py:907(get_yaxis_transform)
       48    0.000    0.000    0.001    0.000 axis.py:464(update_position)
      102    0.000    0.000    0.003    0.000 core.py:6566(is_masked)
      408    0.000    0.000    0.000    0.000 image.py:745(get_interpolation)
      774    0.000    0.000    0.000    0.000 deprecation.py:419(<genexpr>)
      262    0.000    0.000    0.001    0.000 artist.py:193(convert_xunits)
        4    0.000    0.000    0.147    0.037 axis.py:1133(draw)
       12    0.000    0.000    0.004    0.000 patches.py:598(draw)
      676    0.000    0.000    0.000    0.000 artist.py:818(get_visible)
      983    0.000    0.000    0.000    0.000 font_manager.py:748(get_stretch)
        8    0.000    0.000    0.045    0.006 axis.py:1068(<listcomp>)
      983    0.000    0.000    0.000    0.000 font_manager.py:726(get_style)
      103    0.000    0.000    0.002    0.000 fromnumeric.py:2268(any)
        3    0.000    0.000    0.000    0.000 function_base.py:23(linspace)
       80    0.000    0.000    0.001    0.000 ticker.py:663(__call__)
      940    0.000    0.000    0.000    0.000 fromnumeric.py:2633(_amax_dispatcher)
       53    0.000    0.000    0.000    0.000 path.py:190(_update_values)
      703    0.000    0.000    0.000    0.000 font_manager.py:1160(score_style)
      102    0.000    0.000    0.002    0.000 core.py:1540(_shrink_mask)
      102    0.000    0.000    0.014    0.000 image.py:733(set_array)
      983    0.000    0.000    0.000    0.000 font_manager.py:733(get_variant)
       44    0.000    0.000    0.001    0.000 transforms.py:1587(transform_path_non_affine)
      236    0.000    0.000    0.000    0.000 artist.py:583(get_url)
      102    0.000    0.000    0.000    0.000 _ufunc_config.py:425(__init__)
     1204    0.000    0.000    0.000    0.000 inspect.py:2682(default)
      103    0.000    0.000    0.002    0.000 <__array_function__ internals>:2(any)
       80    0.000    0.000    0.000    0.000 deprecation.py:476(deprecate_method_override)
       48    0.000    0.000    0.000    0.000 text.py:1219(_preprocess_math)
      112    0.000    0.000    0.000    0.000 font_manager.py:804(set_variant)
        8    0.000    0.000    0.002    0.000 axis.py:2268(get_tick_space)
      102    0.000    0.000    0.000    0.000 core.py:3085(<listcomp>)
      408    0.000    0.000    0.000    0.000 image.py:817(get_filternorm)
      154    0.000    0.000    0.002    0.000 _methods.py:42(_amin)
       32    0.000    0.000    0.002    0.000 text.py:272(update_from)
       64    0.000    0.000    0.002    0.000 font_manager.py:930(copy)
      204    0.000    0.000    0.000    0.000 image.py:961(get_extent)
        8    0.000    0.000    0.005    0.001 axis.py:1262(get_minorticklocs)
        8    0.000    0.000    0.000    0.000 {built-in method matplotlib._path.point_in_path}
      703    0.000    0.000    0.000    0.000 font_manager.py:756(get_size)
    72/34    0.000    0.000    0.000    0.000 {built-in method _abc._abc_subclasscheck}
       32    0.000    0.000    0.000    0.000 transforms.py:2701(__init__)
      703    0.000    0.000    0.000    0.000 font_manager.py:1224(score_size)
       27    0.000    0.000    0.000    0.000 transforms.py:392(bounds)
       64    0.000    0.000    0.000    0.000 text.py:1187(set_verticalalignment)
       96    0.000    0.000    0.001    0.000 artist.py:713(set_figure)
       16    0.000    0.000    0.001    0.000 axis.py:1310(_get_tick_label_size)
       64    0.000    0.000    0.000    0.000 {method 'clear' of 'matplotlib.ft2font.FT2Font' objects}
      349    0.000    0.000    0.000    0.000 figure.py:2362(_get_dpi)
      262    0.000    0.000    0.000    0.000 artist.py:205(convert_yunits)
      102    0.000    0.000    0.002    0.000 core.py:294(minimum_fill_value)
       55    0.000    0.000    0.001    0.000 <__array_function__ internals>:2(reshape)
       16    0.000    0.000    0.002    0.000 transforms.py:1393(__sub__)
       80    0.000    0.000    0.000    0.000 ticker.py:628(_format_maybe_minus_and_locale)
       16    0.000    0.000    0.000    0.000 __init__.py:590(__setitem__)
        8    0.000    0.000    0.018    0.002 axis.py:419(__init__)
      703    0.000    0.000    0.000    0.000 font_manager.py:1177(score_variant)
       48    0.000    0.000    0.001    0.000 lines.py:1045(set_color)
       32    0.000    0.000    0.001    0.000 transforms.py:2716(_revalidate)
      728    0.000    0.000    0.000    0.000 {method 'endswith' of 'str' objects}
       48    0.000    0.000    0.001    0.000 lines.py:1203(set_markerfacecolor)
       64    0.000    0.000    0.000    0.000 {method 'set_size' of 'matplotlib.ft2font.FT2Font' objects}
        8    0.000    0.000    0.000    0.000 spines.py:229(_adjust_location)
      194    0.000    0.000    0.002    0.000 _methods.py:38(_amax)
       48    0.000    0.000    0.000    0.000 lines.py:1358(set_dash_capstyle)
      306    0.000    0.000    0.000    0.000 image.py:800(get_resample)
      107    0.000    0.000    0.000    0.000 {method 'remove' of 'list' objects}
       96    0.000    0.000    0.000    0.000 transforms.py:2178(<lambda>)
      192    0.000    0.000    0.000    0.000 {method 'count' of 'str' objects}
      104    0.000    0.000    0.000    0.000 __init__.py:1910(__init__)
      224    0.000    0.000    0.000    0.000 font_manager.py:1009(_normalize_font_family)
       80    0.000    0.000    0.001    0.000 colors.py:137(is_color_like)
       48    0.000    0.000    0.000    0.000 lines.py:726(set_transform)
       16    0.000    0.000    0.009    0.001 ticker.py:2262(__call__)
      148    0.000    0.000    0.000    0.000 text.py:1141(set_x)
       32    0.000    0.000    0.001    0.000 text.py:929(set_color)
       48    0.000    0.000    0.000    0.000 lines.py:1093(set_linewidth)
       80    0.000    0.000    0.001    0.000 colors.py:150(_check_color_like)
      102    0.000    0.000    0.000    0.000 _internal.py:304(data)
      112    0.000    0.000    0.000    0.000 font_manager.py:781(set_family)
      204    0.000    0.000    0.000    0.000 core.py:1812(_check_mask_axis)
       64    0.000    0.000    0.002    0.000 axis.py:1987(getter)
      280    0.000    0.000    0.000    0.000 backend_bases.py:1011(get_hatch)
      140    0.000    0.000    0.000    0.000 transforms.py:2218(get_affine)
      265    0.000    0.000    0.000    0.000 {method 'values' of 'mappingproxy' objects}
      280    0.000    0.000    0.000    0.000 backend_bases.py:988(set_url)
       32    0.000    0.000    0.000    0.000 transforms.py:2638(__init__)
       64    0.000    0.000    0.000    0.000 lines.py:949(_get_markerfacecolor)
       48    0.000    0.000    0.001    0.000 text.py:236(get_rotation)
       16    0.000    0.000    0.004    0.000 axis.py:1322(_copy_tick_props)
        2    0.000    0.000    0.002    0.001 _base.py:2781(_update_title_position)
      258    0.000    0.000    0.000    0.000 inspect.py:2770(__init__)
       19    0.000    0.000    0.000    0.000 {built-in method numpy.arange}
      204    0.000    0.000    0.000    0.000 cm.py:374(get_array)
       16    0.000    0.000    0.008    0.001 ticker.py:2266(tick_values)
      280    0.000    0.000    0.000    0.000 backend_bases.py:792(restore)
        1    0.000    0.000    0.000    0.000 {built-in method nt.stat}
        8    0.000    0.000    0.049    0.006 axis.py:1352(get_major_ticks)
       51    0.000    0.000    0.001    0.000 <__array_function__ internals>:2(concatenate)
       32    0.000    0.000    0.002    0.000 lines.py:1159(set_marker)
      102    0.000    0.000    0.000    0.000 {built-in method _functools.reduce}
       12    0.000    0.000    0.002    0.000 patches.py:772(get_patch_transform)
      148    0.000    0.000    0.000    0.000 text.py:1152(set_y)
       80    0.000    0.000    0.000    0.000 artist.py:377(set_transform)
       55    0.000    0.000    0.001    0.000 fromnumeric.py:198(reshape)
       32    0.000    0.000    0.002    0.000 text.py:1240(set_fontproperties)
       84    0.000    0.000    0.000    0.000 ticker.py:292(fix_minus)
      280    0.000    0.000    0.000    0.000 backend_bases.py:874(get_snap)
        4    0.000    0.000    0.002    0.000 _base.py:1684(apply_aspect)
       43    0.000    0.000    0.002    0.000 transforms.py:820(from_bounds)
      102    0.000    0.000    0.000    0.000 transforms.py:2648(get_matrix)
        8    0.000    0.000    0.001    0.000 _base.py:931(get_yaxis_text1_transform)
      280    0.000    0.000    0.000    0.000 backend_bases.py:1022(get_hatch_color)
      360    0.000    0.000    0.000    0.000 font_manager.py:762(get_size_in_points)
      306    0.000    0.000    0.000    0.000 multiarray.py:613(min_scalar_type)
    72/40    0.000    0.000    0.000    0.000 _base.py:831(get_xaxis_transform)
       48    0.000    0.000    0.000    0.000 lines.py:1058(set_drawstyle)
       16    0.000    0.000    0.001    0.000 ticker.py:263(<listcomp>)
       16    0.000    0.000    0.000    0.000 _methods.py:274(_ptp)
       48    0.000    0.000    0.001    0.000 <__array_function__ internals>:2(broadcast_arrays)
      204    0.000    0.000    0.000    0.000 artist.py:1005(set_animated)
      159    0.000    0.000    0.000    0.000 __init__.py:153(<genexpr>)
       80    0.000    0.000    0.001    0.000 artist.py:993(set_visible)
      196    0.000    0.000    0.000    0.000 text.py:1201(set_text)
       48    0.000    0.000    0.000    0.000 lines.py:641(set_data)
      174    0.000    0.000    0.000    0.000 {built-in method __new__ of type object at 0x00007FFD156FA920}      
       32    0.000    0.000    0.001    0.000 lines.py:702(_transform_path)
      102    0.000    0.000    0.001    0.000 core.py:345(maximum_fill_value)
       96    0.000    0.000    0.000    0.000 lines.py:66(_scale_dashes)
      204    0.000    0.000    0.000    0.000 backend_bases.py:918(set_clip_rectangle)
      104    0.000    0.000    0.000    0.000 scale.py:108(get_transform)
      505    0.000    0.000    0.000    0.000 {built-in method builtins.callable}
        1    0.000    0.000    0.000    0.000 {method 'copy_from_bbox' of 'matplotlib.backends._backend_agg.RendererAgg' objects}
     16/8    0.000    0.000    0.001    0.000 transforms.py:2331(frozen)
       64    0.000    0.000    0.000    0.000 text.py:949(set_horizontalalignment)
       24    0.000    0.000    0.002    0.000 patches.py:271(get_transform)
      252    0.000    0.000    0.000    0.000 path.py:199(vertices)
        4    0.000    0.000    0.015    0.004 axis.py:1852(_get_tick_boxes_siblings)
      204    0.000    0.000    0.000    0.000 backend_agg.py:306(option_scale_image)
      140    0.000    0.000    0.000    0.000 figure.py:2365(_set_dpi)
       16    0.000    0.000    0.004    0.000 ticker.py:799(set_locs)
      206    0.000    0.000    0.000    0.000 artist.py:1090(get_zorder)
        8    0.000    0.000    0.027    0.003 axis.py:2327(_get_tick)
      320    0.000    0.000    0.000    0.000 artist.py:597(get_gid)
      104    0.000    0.000    0.000    0.000 {built-in method builtins.repr}
       28    0.000    0.000    0.001    0.000 transforms.py:1972(rotate_deg)
       32    0.000    0.000    0.000    0.000 text.py:253(set_rotation_mode)
       80    0.000    0.000    0.001    0.000 axis.py:306(set_label1)
       48    0.000    0.000    0.001    0.000 lines.py:1217(set_markerfacecoloralt)
      280    0.000    0.000    0.000    0.000 backend_bases.py:1034(get_sketch_params)
       54    0.000    0.000    0.000    0.000 {built-in method builtins.all}
       76    0.000    0.000    0.000    0.000 transforms.py:2186(transform_non_affine)
       64    0.000    0.000    0.000    0.000 spines.py:549(__getattr__)
       48    0.000    0.000    0.001    0.000 <__array_function__ internals>:2(column_stack)
      110    0.000    0.000    0.000    0.000 __init__.py:1582(getint_event)
       80    0.000    0.000    0.001    0.000 axis.py:319(set_label2)
      144    0.000    0.000    0.000    0.000 stride_tricks.py:540(<genexpr>)
      228    0.000    0.000    0.000    0.000 text.py:853(get_text)
        8    0.000    0.000    0.003    0.000 backend_bases.py:1326(__init__)
      104    0.000    0.000    0.000    0.000 __init__.py:4041(__str__)
       35    0.000    0.000    0.000    0.000 fromnumeric.py:2367(all)
      320    0.000    0.000    0.000    0.000 artist.py:1109(sticky_edges)
      134    0.000    0.000    0.000    0.000 artist.py:811(get_alpha)
       35    0.000    0.000    0.001    0.000 <__array_function__ internals>:2(all)
      280    0.000    0.000    0.000    0.000 font_manager.py:894(get_math_fontfamily)
      280    0.000    0.000    0.000    0.000 backend_bases.py:1030(get_hatch_linewidth)
        2    0.000    0.000    0.011    0.005 axis.py:2349(_update_label_position)
       32    0.000    0.000    0.000    0.000 markers.py:254(__bool__)
        6    0.000    0.000    0.003    0.000 transforms.py:675(union)
      102    0.000    0.000    0.000    0.000 core.py:1419(getmaskarray)
       80    0.000    0.000    0.000    0.000 axis.py:343(_set_artist_props)
       48    0.000    0.000    0.000    0.000 stride_tricks.py:536(<listcomp>)
      120    0.000    0.000    0.000    0.000 transforms.py:2090(transform)
       96    0.000    0.000    0.000    0.000 <string>:1(<lambda>)
       48    0.000    0.000    0.000    0.000 shape_base.py:608(_column_stack_dispatcher)
        4    0.000    0.000    0.000    0.000 transforms.py:514(anchored)
       40    0.000    0.000    0.001    0.000 <__array_function__ internals>:2(round_)
       64    0.000    0.000    0.000    0.000 __init__.py:1890(_str_lower_equal)
       48    0.000    0.000    0.000    0.000 lines.py:32(_get_dash_pattern)
        7    0.000    0.000    0.003    0.000 _backend_tk.py:255(motion_notify_event)
      112    0.000    0.000    0.000    0.000 font_manager.py:902(set_math_fontfamily)
        8    0.000    0.000    0.003    0.000 patches.py:166(contains_point)
       16    0.000    0.000    0.000    0.000 axis.py:212(apply_tickdir)
      281    0.000    0.000    0.000    0.000 font_manager.py:765(get_file)
       48    0.000    0.000    0.000    0.000 lines.py:1314(set_dash_joinstyle)
       60    0.000    0.000    0.001    0.000 font_manager.py:708(__eq__)
       96    0.000    0.000    0.000    0.000 axis.py:735(get_transform)
        3    0.000    0.000    0.000    0.000 function_base.py:1164(diff)
        2    0.000    0.000    0.198    0.099 _base.py:2839(draw)
       16    0.000    0.000    0.000    0.000 axis.py:200(_set_labelrotation)
      245    0.000    0.000    0.000    0.000 fromnumeric.py:3123(_ndim_dispatcher)
        7    0.000    0.000    0.002    0.000 backend_bases.py:1444(__init__)
      204    0.000    0.000    0.000    0.000 backend_bases.py:992(set_gid)
       48    0.000    0.000    0.000    0.000 lines.py:632(axes)
      204    0.000    0.000    0.000    0.000 backend_bases.py:467(get_image_magnification)
        7    0.000    0.000    0.003    0.000 backend_bases.py:1916(motion_notify_event)
      136    0.000    0.000    0.000    0.000 {built-in method builtins.vars}
        4    0.000    0.000    0.000    0.000 _base.py:4313(get_children)
       16    0.000    0.000    0.003    0.000 ticker.py:260(format_ticks)
        4    0.000    0.000    0.000    0.000 path.py:599(get_extents)
      4/2    0.000    0.000    0.198    0.099 image.py:114(_draw_list_compositing_images)
      112    0.000    0.000    0.000    0.000 artist.py:222(axes)
        8    0.000    0.000    0.000    0.000 _base.py:957(get_yaxis_text2_transform)
        4    0.000    0.000    0.000    0.000 _base.py:1670(get_data_ratio)
       16    0.000    0.000    0.000    0.000 fromnumeric.py:2539(ptp)
      258    0.000    0.000    0.000    0.000 inspect.py:2997(parameters)
       48    0.000    0.000    0.000    0.000 lines.py:1328(set_solid_joinstyle)
       44    0.000    0.000    0.000    0.000 backend_bases.py:973(set_joinstyle)
       10    0.000    0.000    0.000    0.000 __init__.py:1523(nametowidget)
        4    0.000    0.000    0.000    0.000 transforms.py:560(shrunk_to_aspect)
      121    0.000    0.000    0.000    0.000 fromnumeric.py:2042(_clip_dispatcher)
      160    0.000    0.000    0.000    0.000 {built-in method builtins.delattr}
       40    0.000    0.000    0.000    0.000 fromnumeric.py:3220(around)
       48    0.000    0.000    0.000    0.000 lines.py:1372(set_solid_capstyle)
       40    0.000    0.000    0.001    0.000 <__array_function__ internals>:2(around)
       32    0.000    0.000    0.001    0.000 transforms.py:2729(get_transformed_points_and_affine)
       12    0.000    0.000    0.002    0.000 backend_agg.py:133(draw_path)
       33    0.000    0.000    0.001    0.000 font_manager.py:674(_from_any)
       32    0.000    0.000    0.000    0.000 text.py:1044(set_fontsize)
        8    0.000    0.000    0.000    0.000 axis.py:1070(<listcomp>)
       84    0.000    0.000    0.000    0.000 transforms.py:1754(__array__)
      204    0.000    0.000    0.000    0.000 artist.py:837(get_clip_on)
    45/32    0.000    0.000    0.000    0.000 transforms.py:2340(_invalidate_internal)
      103    0.000    0.000    0.000    0.000 multiarray.py:1071(copyto)
       64    0.000    0.000    0.000    0.000 text.py:25(_wrap_text)
       32    0.000    0.000    0.000    0.000 artist.py:1094(set_zorder)
       12    0.000    0.000    0.000    0.000 patches.py:764(_convert_units)
        1    0.000    0.000    0.002    0.002 colors.py:896(_init)
       48    0.000    0.000    0.000    0.000 lines.py:1231(set_markersize)
       16    0.000    0.000    0.000    0.000 artist.py:952(set_alpha)
        2    0.000    0.000    0.255    0.127 backend_agg.py:399(draw)
       48    0.000    0.000    0.000    0.000 lines.py:1188(set_markeredgewidth)
       80    0.000    0.000    0.000    0.000 {method 'ravel' of 'numpy.ndarray' objects}
       16    0.000    0.000    0.000    0.000 getlimits.py:382(__new__)
        2    0.000    0.000    0.007    0.004 axis.py:2075(_update_label_position)
        7    0.000    0.000    0.001    0.000 backend_bases.py:3060(mouse_move)
       48    0.000    0.000    0.000    0.000 lines.py:496(set_pickradius)
      100    0.000    0.000    0.000    0.000 backend_bases.py:1203(_timer_set_interval)
       64    0.000    0.000    0.000    0.000 transforms.py:1330(_iter_break_from_left_to_right)
      138    0.000    0.000    0.000    0.000 {method 'replace' of 'str' objects}
       32    0.000    0.000    0.000    0.000 markers.py:346(get_transform)
       40    0.000    0.000    0.001    0.000 fromnumeric.py:3730(round_)
       48    0.000    0.000    0.000    0.000 {built-in method math.log10}
        2    0.000    0.000    0.253    0.127 figure.py:2766(draw)
       32    0.000    0.000    0.000    0.000 ticker.py:2049(closeto)
       48    0.000    0.000    0.000    0.000 shape_base.py:207(_arrays_for_stack_dispatcher)
        8    0.000    0.000    0.000    0.000 markers.py:683(_set_tickleft)
       48    0.000    0.000    0.000    0.000 text.py:247(get_transform_rotates_text)
       44    0.000    0.000    0.000    0.000 backend_bases.py:902(set_antialiased)
       32    0.000    0.000    0.000    0.000 backend_agg.py:265(get_canvas_width_height)
       44    0.000    0.000    0.000    0.000 backend_bases.py:907(set_capstyle)
       16    0.000    0.000    0.000    0.000 transforms.py:2422(__init__)
       12    0.000    0.000    0.000    0.000 transforms.py:2546(__init__)
       32    0.000    0.000    0.000    0.000 lines.py:923(get_markeredgecolor)
       32    0.000    0.000    0.000    0.000 text.py:1254(set_usetex)
        8    0.000    0.000    0.000    0.000 _base.py:855(get_xaxis_text1_transform)
       18    0.000    0.000    0.000    0.000 axis.py:1940(<genexpr>)
        8    0.000    0.000    0.001    0.000 path.py:494(contains_point)
       12    0.000    0.000    0.001    0.000 patches.py:854(get_bbox)
       12    0.000    0.000    0.000    0.000 figure.py:69(as_list)
       48    0.000    0.000    0.000    0.000 lines.py:1173(set_markeredgecolor)
       64    0.000    0.000    0.000    0.000 backend_agg.py:282(points_to_pixels)
       20    0.000    0.000    0.000    0.000 spines.py:556(__getitem__)
      204    0.000    0.000    0.000    0.000 artist.py:841(get_clip_box)
       12    0.000    0.000    0.000    0.000 patches.py:282(get_patch_transform)
        8    0.000    0.000    0.045    0.006 axis.py:1066(_get_tick_bboxes)
       48    0.000    0.000    0.000    0.000 lines.py:1033(set_antialiased)
        1    0.000    0.000    0.052    0.052 animation.py:979(_start)
        8    0.000    0.000    0.000    0.000 axis.py:521(apply_tickdir)
        8    0.000    0.000    0.003    0.000 spines.py:287(draw)
        1    0.000    0.000    0.014    0.014 _backend_tk.py:450(show)
       60    0.000    0.000    0.000    0.000 {built-in method math.sin}
        2    0.000    0.000    0.001    0.001 figure.py:220(_get_draw_artists)
       16    0.000    0.000    0.000    0.000 ticker.py:2059(le)
        6    0.000    0.000    0.001    0.000 transforms.py:680(<listcomp>)
       12    0.000    0.000    0.001    0.000 transforms.py:1992(rotate_deg_around)
       60    0.000    0.000    0.000    0.000 {built-in method math.cos}
       12    0.000    0.000    0.000    0.000 spines.py:134(get_patch_transform)
        8    0.000    0.000    0.003    0.000 backend_bases.py:1986(inaxes)
      112    0.000    0.000    0.000    0.000 font_manager.py:874(set_file)
       16    0.000    0.000    0.000    0.000 ticker.py:2038(__init__)
       64    0.000    0.000    0.000    0.000 spines.py:200(_ensure_position_is_set)
        3    0.000    0.000    0.000    0.000 {method 'searchsorted' of 'numpy.ndarray' objects}
       92    0.000    0.000    0.000    0.000 {built-in method math.radians}
       44    0.000    0.000    0.000    0.000 backend_bases.py:984(set_linewidth)
       10    0.000    0.000    0.000    0.000 weakref.py:69(__call__)
       32    0.000    0.000    0.001    0.000 lines.py:717(_get_transformed_path)
       48    0.000    0.000    0.000    0.000 lines.py:541(set_markevery)
        8    0.000    0.000    0.000    0.000 markers.py:689(_set_tickright)
      136    0.000    0.000    0.000    0.000 path.py:213(codes)
        8    0.000    0.000    0.003    0.000 backend_bases.py:2000(<listcomp>)
        8    0.000    0.000    0.000    0.000 patches.py:124(_process_radius)
        8    0.000    0.000    0.018    0.002 axis.py:2054(_get_tick)
      102    0.000    0.000    0.000    0.000 numeric.py:214(_ones_like_dispatcher)
       27    0.000    0.000    0.000    0.000 {method 'split' of 'str' objects}
       96    0.000    0.000    0.000    0.000 markers.py:260(get_fillstyle)
       16    0.000    0.000    0.000    0.000 transforms.py:2457(get_matrix)
       16    0.000    0.000    0.000    0.000 <__array_function__ internals>:2(ptp)
       48    0.000    0.000    0.000    0.000 font_manager.py:1109(get_default_size)
       20    0.000    0.000    0.000    0.000 text.py:1130(set_position)
       16    0.000    0.000    0.002    0.000 lines.py:1016(get_path)
        6    0.000    0.000    0.001    0.000 transforms.py:683(<listcomp>)
       32    0.000    0.000    0.000    0.000 transforms.py:2756(get_affine)
      102    0.000    0.000    0.000    0.000 {method 'interpaddr' of '_tkinter.tkapp' objects}
        8    0.000    0.000    0.005    0.001 axis.py:1258(get_majorticklocs)
    72/34    0.000    0.000    0.000    0.000 abc.py:121(__subclasscheck__)
        1    0.000    0.000    0.000    0.000 figure.py:2605(set_size_inches)
        6    0.000    0.000    0.001    0.000 transforms.py:681(<listcomp>)
      103    0.000    0.000    0.000    0.000 fromnumeric.py:2263(_any_dispatcher)
        1    0.000    0.000    0.054    0.054 _backend_tk.py:213(resize)
        3    0.000    0.000    0.000    0.000 __init__.py:233(disconnect)
       16    0.000    0.000    0.000    0.000 {method 'sum' of 'numpy.ndarray' objects}
       96    0.000    0.000    0.000    0.000 text.py:1268(get_usetex)
       80    0.000    0.000    0.000    0.000 __init__.py:1805(<listcomp>)
      160    0.000    0.000    0.000    0.000 {method 'copy' of 'list' objects}
       65    0.000    0.000    0.000    0.000 {built-in method _thread.get_ident}
        8    0.000    0.000    0.000    0.000 axis.py:518(_get_text2_transform)
       16    0.000    0.000    0.000    0.000 <__array_function__ internals>:2(nonzero)
       16    0.000    0.000    0.000    0.000 {method 'nonzero' of 'numpy.ndarray' objects}
        2    0.000    0.000    0.270    0.135 backend_tkagg.py:8(draw)
        1    0.000    0.000    0.052    0.052 animation.py:1283(_on_resize)
        8    0.000    0.000    0.000    0.000 _base.py:881(get_xaxis_text2_transform)
       16    0.000    0.000    0.000    0.000 ticker.py:2066(ge)
        6    0.000    0.000    0.001    0.000 transforms.py:682(<listcomp>)
        1    0.000    0.000    5.554    5.554 backend_bases.py:3561(show)
       12    0.000    0.000    0.000    0.000 patches.py:760(get_path)
        4    0.000    0.000    0.000    0.000 backend_bases.py:3017(_wait_cursor_for_draw_cm)
       32    0.000    0.000    0.000    0.000 {built-in method builtins.divmod}
        8    0.000    0.000    0.001    0.000 axis.py:515(_get_text1_transform)
      116    0.000    0.000    0.000    0.000 backend_bases.py:175(open_group)
      102    0.000    0.000    0.000    0.000 multiarray.py:498(can_cast)
       76    0.000    0.000    0.000    0.000 artist.py:706(get_path_effects)
       12    0.000    0.000    0.000    0.000 units.py:58(_is_natively_supported)
      116    0.000    0.000    0.000    0.000 backend_bases.py:182(close_group)
        8    0.000    0.000    0.000    0.000 axis.py:454(apply_tickdir)
       20    0.000    0.000    0.000    0.000 {method 'getboolean' of '_tkinter.tkapp' objects}
       16    0.000    0.000    0.000    0.000 ticker.py:1731(raise_if_exceeds)
       32    0.000    0.000    0.000    0.000 {method 'get_width_height' of 'matplotlib.ft2font.FT2Font' objects} 
        1    0.000    0.000    0.000    0.000 backend_bases.py:2057(get_width_height)
        4    0.000    0.000    0.000    0.000 transforms.py:1037(set)
       51    0.000    0.000    0.000    0.000 multiarray.py:148(concatenate)
        8    0.000    0.000    0.000    0.000 markers.py:703(_set_tickdown)
        4    0.000    0.000    0.000    0.000 _base.py:1045(_set_position)
       20    0.000    0.000    0.000    0.000 _collections_abc.py:920(__iter__)
       80    0.000    0.000    0.000    0.000 axis.py:290(get_loc)
       16    0.000    0.000    0.000    0.000 axis.py:225(get_tick_padding)
        1    0.000    0.000    0.000    0.000 ntpath.py:463(normpath)
        8    0.000    0.000    0.000    0.000 backend_bases.py:1361(_update_enter_leave)
        8    0.000    0.000    0.000    0.000 figure.py:2342(get_axes)
       80    0.000    0.000    0.000    0.000 __init__.py:1810(<listcomp>)
       84    0.000    0.000    0.000    0.000 path.py:244(should_simplify)
       55    0.000    0.000    0.000    0.000 fromnumeric.py:193(_reshape_dispatcher)
        6    0.000    0.000    0.000    0.000 axis.py:1924(_get_ticks_position)
        8    0.000    0.000    0.000    0.000 transforms.py:259(frozen)
       16    0.000    0.000    0.000    0.000 transforms.py:1850(inverted)
        6    0.000    0.000    0.001    0.000 text.py:223(_get_xy_display)
        8    0.000    0.000    0.000    0.000 text.py:365(<listcomp>)
       44    0.000    0.000    0.000    0.000 backend_bases.py:996(set_snap)
        2    0.000    0.000    0.053    0.026 backend_bases.py:1788(draw_event)
        2    0.000    0.000    0.270    0.135 _backend_tk.py:238(idle_draw)
        4    0.000    0.000    0.000    0.000 ticker.py:771(get_offset)
       30    0.000    0.000    0.000    0.000 {method 'index' of 'list' objects}
       16    0.000    0.000    0.000    0.000 text.py:230(_get_multialignment)
        8    0.000    0.000    0.000    0.000 markers.py:697(_set_tickup)
       80    0.000    0.000    0.000    0.000 fromnumeric.py:3216(_around_dispatcher)
       32    0.000    0.000    0.000    0.000 text.py:735(get_color)
        7    0.000    0.000    0.001    0.000 _backend_tk.py:565(set_message)
        7    0.000    0.000    0.000    0.000 backend_bases.py:2999(_update_cursor)
       11    0.000    0.000    0.000    0.000 backend_bases.py:1244(__init__)
       64    0.000    0.000    0.000    0.000 {method 'get_descent' of 'matplotlib.ft2font.FT2Font' objects}      
        2    0.000    0.000    0.000    0.000 _base.py:2893(<listcomp>)
       84    0.000    0.000    0.000    0.000 path.py:232(simplify_threshold)
        6    0.000    0.000    0.000    0.000 axis.py:2228(get_ticks_position)
       44    0.000    0.000    0.000    0.000 artist.py:650(get_sketch_params)
       48    0.000    0.000    0.000    0.000 __init__.py:1654(<lambda>)
       10    0.000    0.000    0.000    0.000 __init__.py:1566(_root)
       32    0.000    0.000    0.000    0.000 {method 'get_bitmap_offset' of 'matplotlib.ft2font.FT2Font' objects}       32    0.000    0.000    0.000    0.000 markers.py:286(get_capstyle)
        1    0.000    0.000    0.052    0.052 backend_bases.py:1794(resize_event)
        2    0.000    0.000    0.000    0.000 axis.py:2391(_update_offset_text_position)
        4    0.000    0.000    0.000    0.000 <frozen importlib._bootstrap>:404(parent)
       48    0.000    0.000    0.000    0.000 markers.py:372(_set_nothing)
       12    0.000    0.000    0.000    0.000 axis.py:1494(convert_units)
        7    0.000    0.000    0.000    0.000 enum.py:443(__members__)
       17    0.000    0.000    0.000    0.000 backend_bases.py:1733(<lambda>)
        1    0.000    0.000    0.000    0.000 ntpath.py:638(realpath)
       12    0.000    0.000    0.000    0.000 artist.py:611(get_snap)
        2    0.000    0.000    0.001    0.000 axis.py:2118(_update_offset_text_position)
       48    0.000    0.000    0.000    0.000 stride_tricks.py:474(_broadcast_arrays_dispatcher)
        8    0.000    0.000    0.000    0.000 axis.py:1365(get_minor_ticks)
        4    0.000    0.000    0.000    0.000 _collections_abc.py:836(values)
       36    0.000    0.000    0.000    0.000 axis.py:573(formatter)
        3    0.000    0.000    0.000    0.000 __init__.py:1497(_options)
        2    0.000    0.000    0.000    0.000 figure.py:299(get_children)
        3    0.000    0.000    0.000    0.000 <__array_function__ internals>:2(diff)
        7    0.000    0.000    0.001    0.000 __init__.py:400(set)
       16    0.000    0.000    0.000    0.000 fromnumeric.py:1829(nonzero)
        5    0.000    0.000    0.000    0.000 __init__.py:101(_cnfmerge)
       16    0.000    0.000    0.000    0.000 _methods.py:46(_sum)
        8    0.000    0.000    0.000    0.000 text.py:362(<listcomp>)
        3    0.000    0.000    0.000    0.000 {method 'any' of 'numpy.generic' objects}
        2    0.000    0.000    0.104    0.052 animation.py:1746(_init_draw)
       12    0.000    0.000    0.000    0.000 path.py:726(unit_rectangle)
        2    0.000    0.000    0.000    0.000 __init__.py:200(connect)
        2    0.000    0.000    0.000    0.000 __init__.py:112(_weak_or_strong_ref)
       26    0.000    0.000    0.000    0.000 text.py:828(get_position)
       35    0.000    0.000    0.000    0.000 fromnumeric.py:2362(_all_dispatcher)
        1    0.000    0.000    0.001    0.001 __init__.py:4023(__init__)
        2    0.000    0.000    0.000    0.000 _pylab_helpers.py:95(get_all_fig_managers)
        8    0.000    0.000    0.000    0.000 axis.py:448(_get_text1_transform)
        4    0.000    0.000    0.000    0.000 __init__.py:855(__contains__)
        4    0.000    0.000    0.000    0.000 transforms.py:1780(transform_path_affine)
       32    0.000    0.000    0.000    0.000 markers.py:369(get_snap_threshold)
       32    0.000    0.000    0.000    0.000 text.py:540(set_wrap)
        4    0.000    0.000    0.000    0.000 _base.py:993(get_position)
        1    0.000    0.000    0.000    0.000 _backend_tk.py:261(enter_notify_event)
        4    0.000    0.000    0.000    0.000 _base.py:3354(get_xbound)
        2    0.000    0.000    0.006    0.003 __init__.py:1986(wm_attributes)
       32    0.000    0.000    0.000    0.000 lines.py:891(get_drawstyle)
        1    0.000    0.000    0.000    0.000 backend_agg.py:295(clear)
        8    0.000    0.000    0.000    0.000 patches.py:297(get_edgecolor)
        2    0.000    0.000    0.000    0.000 __init__.py:1655(_configure)
        8    0.000    0.000    0.000    0.000 axis.py:451(_get_text2_transform)
        2    0.000    0.000    0.000    0.000 _backend_tk.py:582(set_cursor)
        4    0.000    0.000    0.000    0.000 transforms.py:1568(transform_path)
       32    0.000    0.000    0.000    0.000 lines.py:598(get_markevery)
       16    0.000    0.000    0.000    0.000 text.py:268(get_rotation_mode)
       32    0.000    0.000    0.000    0.000 text.py:536(get_wrap)
        1    0.000    0.000    0.000    0.000 colors.py:736(_set_extremes)
        8    0.000    0.000    0.000    0.000 ticker.py:1884(__call__)
        3    0.000    0.000    0.000    0.000 <__array_function__ internals>:2(result_type)
       32    0.000    0.000    0.000    0.000 markers.py:353(get_alt_path)
       24    0.000    0.000    0.000    0.000 axis.py:562(locator)
        2    0.000    0.000    0.000    0.000 _backend_tk.py:129(_timer_start)
        3    0.000    0.000    0.000    0.000 <__array_function__ internals>:2(linspace)
        4    0.000    0.000    0.000    0.000 axis.py:1860(<listcomp>)
       32    0.000    0.000    0.000    0.000 markers.py:337(get_path)
        2    0.000    0.000    0.000    0.000 _backend_tk.py:231(draw_idle)
        1    0.000    0.000    0.000    0.000 backend_bases.py:1941(leave_notify_event)
        1    0.000    0.000    0.000    0.000 genericpath.py:27(isfile)
       16    0.000    0.000    0.000    0.000 ticker.py:283(set_locs)
       12    0.000    0.000    0.000    0.000 figure.py:73(<listcomp>)
        2    0.000    0.000    0.000    0.000 weakref.py:47(__new__)
       32    0.000    0.000    0.000    0.000 markers.py:283(get_joinstyle)
        3    0.000    0.000    0.000    0.000 fromnumeric.py:1283(searchsorted)
        4    0.000    0.000    0.000    0.000 transforms.py:1577(transform_path_affine)
        1    0.000    0.000    0.000    0.000 backend_bases.py:1957(enter_notify_event)
        1    0.000    0.000    0.001    0.001 __init__.py:2797(_create)
       32    0.000    0.000    0.000    0.000 markers.py:289(get_marker)
        1    0.000    0.000    0.000    0.000 backend_bases.py:1291(__init__)
        1    0.000    0.000    0.000    0.000 {built-in method nt.getcwd}
        3    0.000    0.000    0.000    0.000 <__array_function__ internals>:2(searchsorted)
        4    0.000    0.000    0.000    0.000 transforms.py:2391(transform_path_non_affine)
       32    0.000    0.000    0.000    0.000 backend_bases.py:655(flipy)
       12    0.000    0.000    0.000    0.000 _base.py:2760(_get_axis_list)
        1    0.000    0.000    0.000    0.000 animation.py:1295(_end_redraw)
        2    0.000    0.000    0.000    0.000 ntpath.py:124(splitdrive)
        1    0.000    0.000    0.000    0.000 numeric.py:149(ones)
       12    0.000    0.000    0.000    0.000 spines.py:197(get_path)
        1    0.000    0.000    5.540    5.540 _backend_tk.py:906(mainloop)
        1    0.000    0.000    0.000    0.000 <frozen importlib._bootstrap>:1053(_handle_fromlist)
        2    0.000    0.000    0.254    0.127 artist.py:72(draw_wrapper)
        8    0.000    0.000    0.000    0.000 image.py:124(<genexpr>)
        1    0.000    0.000    0.000    0.000 backend_bases.py:168(__init__)
       12    0.000    0.000    0.000    0.000 backend_bases.py:927(set_dashes)
        3    0.000    0.000    0.000    0.000 backend_bases.py:2384(mpl_disconnect)
       16    0.000    0.000    0.000    0.000 axis.py:149(<dictcomp>)
        1    0.000    0.000    0.000    0.000 transforms.py:963(p1)
       16    0.000    0.000    0.000    0.000 fromnumeric.py:2535(_ptp_dispatcher)
        1    0.000    0.000    0.000    0.000 backend_agg.py:107(_update_methods)
       24    0.000    0.000    0.000    0.000 _collections_abc.py:409(__subclasshook__)
        2    0.000    0.000    0.000    0.000 backend_bases.py:1272(__init__)
        2    0.000    0.000    0.000    0.000 backend_bases.py:2329(mpl_connect)
        2    0.000    0.000    0.000    0.000 _backend_tk.py:38(_restore_foreground_window_at_end)
        1    0.000    0.000    0.000    0.000 __init__.py:861(after_cancel)
        8    0.000    0.000    0.000    0.000 axis.py:704(get_remove_overlapping_locs)
        4    0.000    0.000    0.000    0.000 spines.py:582(__iter__)
        4    0.000    0.000    0.000    0.000 _collections_abc.py:857(__len__)
        1    0.000    0.000    0.000    0.000 pyplot.py:212(_get_required_interactive_framework)
        8    0.000    0.000    0.000    0.000 _base.py:2832(<genexpr>)
        1    0.000    0.000    0.000    0.000 backend_agg.py:391(copy_from_bbox)
        3    0.000    0.000    0.000    0.000 numeric.py:1858(isscalar)
        4    0.000    0.000    0.000    0.000 {method 'rpartition' of 'str' objects}
        4    0.000    0.000    0.000    0.000 spines.py:585(__len__)
        4    0.000    0.000    0.000    0.000 _base.py:3698(get_ybound)
       16    0.000    0.000    0.000    0.000 fromnumeric.py:1825(_nonzero_dispatcher)
        3    0.000    0.000    0.000    0.000 _backend_tk.py:133(_timer_stop)
        1    0.000    0.000    0.000    0.000 linalg.py:135(_commonType)
        2    0.000    0.000    0.000    0.000 mathtext.py:423(__init__)
        1    0.000    0.000    0.000    0.000 ntpath.py:61(isabs)
        8    0.000    0.000    0.000    0.000 ticker.py:1887(tick_values)
        2    0.000    0.000    0.000    0.000 transforms.py:1548(get_matrix)
        1    0.000    0.000    0.000    0.000 {built-in method matplotlib._c_internal_utils.Win32_GetForegroundWindow}
        8    0.000    0.000    0.000    0.000 axis.py:1275(<listcomp>)
        1    0.000    0.000    0.000    0.000 font_manager.py:171(_cached_realpath)
        1    0.000    0.000    0.001    0.001 __init__.py:4088(__init__)
        1    0.000    0.000    0.000    0.000 pyplot.py:304(_warn_if_gui_out_of_main_thread)
        4    0.000    0.000    0.000    0.000 figure.py:232(<genexpr>)
        4    0.000    0.000    0.000    0.000 _collections_abc.py:854(__init__)
        1    0.000    0.000    0.000    0.000 __init__.py:2218(wm_protocol)
        1    0.000    0.000    0.008    0.008 __init__.py:2039(wm_deiconify)
        2    0.000    0.000    0.000    0.000 ntpath.py:44(normcase)
        2    0.000    0.000    0.000    0.000 deprecation.py:327(wrapper)
        8    0.000    0.000    0.000    0.000 {method 'extend' of 'list' objects}
        2    0.000    0.000    0.000    0.000 figure.py:233(<lambda>)
        1    0.000    0.000    5.554    5.554 pyplot.py:333(show)
        7    0.000    0.000    0.000    0.000 backend_bases.py:3039(_mouse_event_to_message)
        2    0.000    0.000    0.000    0.000 __init__.py:1668(configure)
        6    0.000    0.000    0.000    0.000 {method 'startswith' of 'str' objects}
        4    0.000    0.000    0.000    0.000 _base.py:1083(get_axes_locator)
        6    0.000    0.000    0.000    0.000 {built-in method _tkinter._flatten}
        2    0.000    0.000    0.000    0.000 backend_bases.py:1122(start)
        1    0.000    0.000    0.000    0.000 __init__.py:2850(delete)
        1    0.000    0.000    5.540    5.540 __init__.py:1456(mainloop)
        1    0.000    0.000    0.000    0.000 {method 'all' of 'numpy.ndarray' objects}
        2    0.000    0.000    0.000    0.000 _collections_abc.py:78(_check_methods)
        2    0.000    0.000    0.000    0.000 __init__.py:4095(blank)
        2    0.000    0.000    0.000    0.000 animation.py:1711(new_frame_seq)
        1    0.000    0.000    0.000    0.000 threading.py:1410(current_thread)
        1    0.000    0.000    0.000    0.000 textpath.py:24(__init__)
        4    0.000    0.000    0.000    0.000 _base.py:1416(get_aspect)
        2    0.000    0.000    0.000    0.000 {built-in method time.time}
        3    0.000    0.000    0.000    0.000 backend_bases.py:1771(is_saving)
        1    0.000    0.000    0.000    0.000 linalg.py:107(_makearray)
        1    0.000    0.000    0.000    0.000 {method 'join' of 'str' objects}
        4    0.000    0.000    0.000    0.000 artist.py:709(get_figure)
        1    0.000    0.000    0.000    0.000 backend_bases.py:1169(add_callback)
        1    0.000    0.000    0.000    0.000 __init__.py:853(after_idle)
        1    0.000    0.000    0.001    0.001 __init__.py:2817(create_image)
        4    0.000    0.000    0.000    0.000 backend_agg.py:298(option_image_nocomposite)
        6    0.000    0.000    0.000    0.000 _base.py:725(get_window_extent)
        6    0.000    0.000    0.000    0.000 axis.py:1961(get_label_position)
        1    0.000    0.000    0.000    0.000 _methods.py:60(_all)
        1    0.000    0.000    0.000    0.000 __init__.py:4043(__del__)
        3    0.000    0.000    0.000    0.000 function_base.py:1160(_diff_dispatcher)
        2    0.000    0.000    0.000    0.000 transforms.py:2355(__eq__)
        3    0.000    0.000    0.000    0.000 {method 'discard' of 'set' objects}
        3    0.000    0.000    0.000    0.000 fromnumeric.py:1279(_searchsorted_dispatcher)
        2    0.000    0.000    0.000    0.000 animation.py:1211(_init_draw)
        4    0.000    0.000    0.000    0.000 _base.py:1602(get_anchor)
        1    0.000    0.000    0.000    0.000 <__array_function__ internals>:2(inv)
        6    0.000    0.000    0.000    0.000 {built-in method nt.fspath}
        4    0.000    0.000    0.000    0.000 {method 'setdefault' of 'dict' objects}
        6    0.000    0.000    0.000    0.000 _collections_abc.py:315(__subclasshook__)
        2    0.000    0.000    0.000    0.000 _collections_abc.py:381(__subclasshook__)
        3    0.000    0.000    0.000    0.000 function_base.py:18(_linspace_dispatcher)
        1    0.000    0.000    0.000    0.000 linalg.py:199(_assert_stacked_square)
        1    0.000    0.000    0.000    0.000 backend_bases.py:1136(stop)
        2    0.000    0.000    0.000    0.000 _backend_tk.py:246(get_tk_widget)
        2    0.000    0.000    0.000    0.000 {method '__exit__' of '_thread.RLock' objects}
        3    0.000    0.000    0.000    0.000 multiarray.py:664(result_type)
        1    0.000    0.000    0.000    0.000 linalg.py:102(get_linalg_error_extobj)
        1    0.000    0.000    0.000    0.000 linalg.py:193(_assert_stacked_2d)
        2    0.000    0.000    0.000    0.000 figure.py:2407(get_constrained_layout)
        2    0.000    0.000    0.000    0.000 figure.py:2385(get_tight_layout)
        2    0.000    0.000    0.000    0.000 linalg.py:112(isComplexType)
        2    0.000    0.000    0.000    0.000 {method 'values' of 'collections.OrderedDict' objects}
        1    0.000    0.000    0.000    0.000 ntpath.py:34(_get_bothseps)
        3    0.000    0.000    0.000    0.000 transforms.py:2086(get_matrix)
        1    0.000    0.000    0.000    0.000 linalg.py:125(_realType)
        1    0.000    0.000    0.000    0.000 {built-in method _stat.S_ISREG}
        1    0.000    0.000    0.000    0.000 {method 'lstrip' of 'str' objects}
        2    0.000    0.000    0.000    0.000 backend_bases.py:2030(draw)
        1    0.000    0.000    0.000    0.000 __init__.py:1098(get_backend)
        1    0.000    0.000    0.000    0.000 threading.py:1545(main_thread)
        1    0.000    0.000    0.000    0.000 {method 'disable' of '_lsprof.Profiler' objects}
        1    0.000    0.000    0.000    0.000 {method '__array_prepare__' of 'numpy.ndarray' objects}
        1    0.000    0.000    0.000    0.000 {method 'clear' of 'dict' objects}
        1    0.000    0.000    0.000    0.000 {method 'splitlist' of '_tkinter.tkapp' objects}
        1    0.000    0.000    0.000    0.000 linalg.py:472(_unary_dispatcher)
